2025-04-14 08:03:32,016 - INFO - \U0001f504 Starting scraping process...
2025-04-14 08:03:32,877 - WARNING - \u26a0\ufe0f No job data was found or extracted.
2025-04-14 08:05:12,635 - INFO - \U0001f504 Starting scraping process...
2025-04-14 08:05:13,482 - WARNING - \u26a0\ufe0f No job data was found or extracted.
2025-04-14 08:08:37,687 - INFO - \U0001f504 Starting scraping process...
2025-04-14 08:08:38,602 - WARNING - \u26a0\ufe0f No job data was found or extracted.
2025-04-14 08:09:22,920 - INFO - \U0001f504 Starting scraping process...
2025-04-14 08:09:23,712 - WARNING - \u26a0\ufe0f No job data was found or extracted.
2025-04-14 08:20:28,077 - INFO - \U0001f504 Starting scraping process...
2025-04-14 08:20:32,286 - WARNING - \u26a0\ufe0f No job data was found or extracted.
2025-04-14 08:37:33,286 - INFO - \U0001f504 Starting scraping process...
2025-04-14 08:37:34,213 - WARNING - \u26a0\ufe0f No job data was found or extracted.
2025-04-14 08:45:17,151 - INFO - \U0001f504 Starting scraping process...
2025-04-14 08:45:18,100 - WARNING - \u26a0\ufe0f No job data was found or extracted.
2025-04-14 09:12:33,227 - INFO - Starting scraping process...
2025-04-14 09:12:40,306 - INFO - Starting scraping process...
2025-04-14 09:12:43,284 - WARNING -  No job data was found or extracted.
2025-04-14 09:16:21,378 - INFO - Starting scraping process...
2025-04-14 09:16:22,140 - WARNING - No job data was found or extracted.
2025-04-14 09:30:32,353 - INFO - Starting scraping process...
2025-04-14 09:30:33,644 - WARNING - No job data was found or extracted.
2025-04-14 09:51:20,532 - INFO - Starting scraping process...
2025-04-14 09:51:24,050 - WARNING - Error parsing job card: 'NoneType' object has no attribute 'get_text'
2025-04-14 09:51:24,051 - WARNING - Error parsing job card: 'NoneType' object has no attribute 'get_text'
2025-04-14 09:51:24,051 - WARNING - Error parsing job card: 'NoneType' object has no attribute 'get_text'
2025-04-14 09:51:24,051 - WARNING - Error parsing job card: 'NoneType' object has no attribute 'get_text'
2025-04-14 09:51:24,052 - WARNING - Error parsing job card: 'NoneType' object has no attribute 'get_text'
2025-04-14 09:51:29,228 - INFO - Saved 5 job listings.
2025-04-14 10:00:21,785 - INFO - Starting scraping process...
2025-04-14 10:00:22,606 - WARNING - Error parsing job card: 'NoneType' object has no attribute 'get_text'
2025-04-14 10:00:22,606 - WARNING - Error parsing job card: 'NoneType' object has no attribute 'get_text'
2025-04-14 10:00:22,607 - WARNING - Error parsing job card: 'NoneType' object has no attribute 'get_text'
2025-04-14 10:00:22,607 - WARNING - Error parsing job card: 'NoneType' object has no attribute 'get_text'
2025-04-14 10:00:22,607 - WARNING - Error parsing job card: 'NoneType' object has no attribute 'get_text'
2025-04-14 10:00:23,130 - INFO - Saved 5 job listings.
2025-04-14 10:03:30,338 - INFO - Starting scraping process...
2025-04-14 10:03:31,084 - WARNING - Error parsing job card: 'NoneType' object has no attribute 'get_text'
2025-04-14 10:03:31,085 - WARNING - Error parsing job card: 'NoneType' object has no attribute 'get_text'
2025-04-14 10:03:31,085 - WARNING - Error parsing job card: 'NoneType' object has no attribute 'get_text'
2025-04-14 10:03:31,085 - WARNING - Error parsing job card: 'NoneType' object has no attribute 'get_text'
2025-04-14 10:03:31,085 - WARNING - Error parsing job card: 'NoneType' object has no attribute 'get_text'
2025-04-14 10:03:31,611 - INFO - Saved 5 job listings.
2025-04-14 10:04:28,991 - INFO - Starting scraping process...
2025-04-14 10:04:29,795 - WARNING - Error parsing job card: 'NoneType' object has no attribute 'get_text'
2025-04-14 10:04:29,797 - WARNING - Error parsing job card: 'NoneType' object has no attribute 'get_text'
2025-04-14 10:04:29,797 - WARNING - Error parsing job card: 'NoneType' object has no attribute 'get_text'
2025-04-14 10:04:29,798 - WARNING - Error parsing job card: 'NoneType' object has no attribute 'get_text'
2025-04-14 10:04:29,798 - WARNING - Error parsing job card: 'NoneType' object has no attribute 'get_text'
2025-04-14 10:04:30,345 - INFO - Saved 5 job listings.
2025-04-14 10:06:18,966 - INFO - Starting scraping process...
2025-04-14 10:06:19,687 - WARNING - Error parsing job card: 'NoneType' object has no attribute 'get_text'
2025-04-14 10:06:19,688 - WARNING - Error parsing job card: 'NoneType' object has no attribute 'get_text'
2025-04-14 10:06:19,688 - WARNING - Error parsing job card: 'NoneType' object has no attribute 'get_text'
2025-04-14 10:06:19,688 - WARNING - Error parsing job card: 'NoneType' object has no attribute 'get_text'
2025-04-14 10:06:19,689 - WARNING - Error parsing job card: 'NoneType' object has no attribute 'get_text'
2025-04-14 10:06:20,230 - INFO - Saved 5 job listings.
2025-04-14 10:12:36,361 - INFO - Starting scraping process...
2025-04-14 10:12:37,155 - WARNING - Error parsing job card 2: 'NoneType' object has no attribute 'get_text'
2025-04-14 10:12:37,157 - WARNING - Error parsing job card 6: 'NoneType' object has no attribute 'get_text'
2025-04-14 10:12:37,157 - WARNING - Error parsing job card 7: 'NoneType' object has no attribute 'get_text'
2025-04-14 10:12:37,157 - WARNING - Error parsing job card 8: 'NoneType' object has no attribute 'get_text'
2025-04-14 10:12:37,157 - WARNING - Error parsing job card 10: 'NoneType' object has no attribute 'get_text'
2025-04-14 10:12:37,695 - INFO - Saved 5 job listings.
2025-04-14 10:13:07,531 - INFO - Starting scraping process...
2025-04-14 10:13:16,138 - INFO - Starting scraping process...
2025-04-14 10:13:16,892 - WARNING - Error parsing job card 2: 'NoneType' object has no attribute 'get_text'
2025-04-14 10:13:16,894 - WARNING - Error parsing job card 6: 'NoneType' object has no attribute 'get_text'
2025-04-14 10:13:16,894 - WARNING - Error parsing job card 7: 'NoneType' object has no attribute 'get_text'
2025-04-14 10:13:16,894 - WARNING - Error parsing job card 8: 'NoneType' object has no attribute 'get_text'
2025-04-14 10:13:16,895 - WARNING - Error parsing job card 10: 'NoneType' object has no attribute 'get_text'
2025-04-14 10:13:17,464 - INFO - Saved 5 job listings.
2025-04-14 10:16:05,717 - INFO - Starting scraping process...
2025-04-14 10:16:06,457 - WARNING - Error parsing job card 2 on page 1: 'NoneType' object has no attribute 'get_text'
2025-04-14 10:16:06,459 - WARNING - Error parsing job card 6 on page 1: 'NoneType' object has no attribute 'get_text'
2025-04-14 10:16:06,460 - WARNING - Error parsing job card 7 on page 1: 'NoneType' object has no attribute 'get_text'
2025-04-14 10:16:06,460 - WARNING - Error parsing job card 8 on page 1: 'NoneType' object has no attribute 'get_text'
2025-04-14 10:16:06,461 - WARNING - Error parsing job card 10 on page 1: 'NoneType' object has no attribute 'get_text'
2025-04-14 10:16:09,045 - WARNING - Error parsing job card 1 on page 2: 'NoneType' object has no attribute 'get_text'
2025-04-14 10:16:12,494 - WARNING - Error parsing job card 10 on page 3: 'NoneType' object has no attribute 'get_text'
2025-04-14 10:16:18,641 - WARNING - Error parsing job card 1 on page 4: 'NoneType' object has no attribute 'get_text'
2025-04-14 10:16:18,644 - WARNING - Error parsing job card 6 on page 4: 'NoneType' object has no attribute 'get_text'
2025-04-14 10:16:20,163 - WARNING - Error parsing job card 1 on page 6: 'NoneType' object has no attribute 'get_text'
2025-04-14 10:16:20,163 - WARNING - Error parsing job card 2 on page 6: 'NoneType' object has no attribute 'get_text'
2025-04-14 10:16:20,165 - WARNING - Error parsing job card 4 on page 6: 'NoneType' object has no attribute 'get_text'
2025-04-14 10:16:20,964 - WARNING - Error parsing job card 5 on page 7: 'NoneType' object has no attribute 'get_text'
2025-04-14 10:16:20,966 - WARNING - Error parsing job card 7 on page 7: 'NoneType' object has no attribute 'get_text'
2025-04-14 10:16:24,583 - WARNING - Error parsing job card 8 on page 8: 'NoneType' object has no attribute 'get_text'
2025-04-14 10:16:27,729 - WARNING - Error parsing job card 3 on page 12: 'NoneType' object has no attribute 'get_text'
2025-04-14 10:16:27,730 - WARNING - Error parsing job card 5 on page 12: 'NoneType' object has no attribute 'get_text'
2025-04-14 10:16:28,489 - WARNING - Error parsing job card 5 on page 13: 'NoneType' object has no attribute 'get_text'
2025-04-14 10:16:29,237 - WARNING - Error parsing job card 4 on page 14: 'NoneType' object has no attribute 'get_text'
2025-04-14 10:16:30,015 - WARNING - Error parsing job card 2 on page 15: 'NoneType' object has no attribute 'get_text'
2025-04-14 10:16:30,016 - WARNING - Error parsing job card 3 on page 15: 'NoneType' object has no attribute 'get_text'
2025-04-14 10:16:30,018 - WARNING - Error parsing job card 7 on page 15: 'NoneType' object has no attribute 'get_text'
2025-04-14 10:16:30,019 - WARNING - Error parsing job card 8 on page 15: 'NoneType' object has no attribute 'get_text'
2025-04-14 10:16:30,775 - WARNING - Error parsing job card 1 on page 16: 'NoneType' object has no attribute 'get_text'
2025-04-14 10:16:30,778 - WARNING - Error parsing job card 6 on page 16: 'NoneType' object has no attribute 'get_text'
2025-04-14 10:16:31,717 - WARNING - Error parsing job card 1 on page 17: 'NoneType' object has no attribute 'get_text'
2025-04-14 10:16:31,717 - WARNING - Error parsing job card 2 on page 17: 'NoneType' object has no attribute 'get_text'
2025-04-14 10:16:31,719 - WARNING - Error parsing job card 6 on page 17: 'NoneType' object has no attribute 'get_text'
2025-04-14 10:16:32,465 - WARNING - Error parsing job card 1 on page 18: 'NoneType' object has no attribute 'get_text'
2025-04-14 10:16:32,465 - WARNING - Error parsing job card 2 on page 18: 'NoneType' object has no attribute 'get_text'
2025-04-14 10:16:32,466 - WARNING - Error parsing job card 5 on page 18: 'NoneType' object has no attribute 'get_text'
2025-04-14 10:16:32,467 - WARNING - Error parsing job card 7 on page 18: 'NoneType' object has no attribute 'get_text'
2025-04-14 10:16:32,469 - WARNING - Error parsing job card 10 on page 18: 'NoneType' object has no attribute 'get_text'
2025-04-14 10:16:33,229 - WARNING - Error parsing job card 1 on page 19: 'NoneType' object has no attribute 'get_text'
2025-04-14 10:16:33,229 - WARNING - Error parsing job card 2 on page 19: 'NoneType' object has no attribute 'get_text'
2025-04-14 10:16:33,230 - WARNING - Error parsing job card 3 on page 19: 'NoneType' object has no attribute 'get_text'
2025-04-14 10:16:33,230 - WARNING - Error parsing job card 4 on page 19: 'NoneType' object has no attribute 'get_text'
2025-04-14 10:16:33,233 - WARNING - Error parsing job card 9 on page 19: 'NoneType' object has no attribute 'get_text'
2025-04-14 10:16:33,233 - WARNING - Error parsing job card 10 on page 19: 'NoneType' object has no attribute 'get_text'
2025-04-14 10:16:34,754 - WARNING - Error parsing job card 1 on page 21: 'NoneType' object has no attribute 'get_text'
2025-04-14 10:16:34,769 - WARNING - Error parsing job card 9 on page 21: 'NoneType' object has no attribute 'get_text'
2025-04-14 10:16:35,543 - WARNING - Error parsing job card 5 on page 22: 'NoneType' object has no attribute 'get_text'
2025-04-14 10:16:36,355 - WARNING - Error parsing job card 9 on page 23: 'NoneType' object has no attribute 'get_text'
2025-04-14 10:16:36,356 - WARNING - Error parsing job card 10 on page 23: 'NoneType' object has no attribute 'get_text'
2025-04-14 10:16:37,139 - WARNING - Error parsing job card 3 on page 24: 'NoneType' object has no attribute 'get_text'
2025-04-14 10:16:37,146 - WARNING - Error parsing job card 10 on page 24: 'NoneType' object has no attribute 'get_text'
2025-04-14 10:16:38,643 - WARNING - Error parsing job card 1 on page 26: 'NoneType' object has no attribute 'get_text'
2025-04-14 10:16:38,643 - WARNING - Error parsing job card 2 on page 26: 'NoneType' object has no attribute 'get_text'
2025-04-14 10:16:38,644 - WARNING - Error parsing job card 4 on page 26: 'NoneType' object has no attribute 'get_text'
2025-04-14 10:16:39,414 - WARNING - Error parsing job card 4 on page 27: 'NoneType' object has no attribute 'get_text'
2025-04-14 10:16:40,292 - WARNING - Error parsing job card 10 on page 28: 'NoneType' object has no attribute 'get_text'
2025-04-14 10:16:42,829 - WARNING - Error parsing job card 4 on page 29: 'NoneType' object has no attribute 'get_text'
2025-04-14 10:16:42,830 - WARNING - Error parsing job card 6 on page 29: 'NoneType' object has no attribute 'get_text'
2025-04-14 10:16:42,832 - WARNING - Error parsing job card 9 on page 29: 'NoneType' object has no attribute 'get_text'
2025-04-14 10:16:43,598 - WARNING - Error parsing job card 7 on page 30: 'NoneType' object has no attribute 'get_text'
2025-04-14 10:16:43,599 - WARNING - Error parsing job card 8 on page 30: 'NoneType' object has no attribute 'get_text'
2025-04-14 10:16:44,329 - WARNING - Error parsing job card 3 on page 31: 'NoneType' object has no attribute 'get_text'
2025-04-14 10:16:45,154 - WARNING - Error parsing job card 1 on page 32: 'NoneType' object has no attribute 'get_text'
2025-04-14 10:16:45,155 - WARNING - Error parsing job card 3 on page 32: 'NoneType' object has no attribute 'get_text'
2025-04-14 10:16:45,158 - WARNING - Error parsing job card 6 on page 32: 'NoneType' object has no attribute 'get_text'
2025-04-14 10:16:45,158 - WARNING - Error parsing job card 7 on page 32: 'NoneType' object has no attribute 'get_text'
2025-04-14 10:16:46,688 - WARNING - Error parsing job card 1 on page 34: 'NoneType' object has no attribute 'get_text'
2025-04-14 10:16:46,688 - WARNING - Error parsing job card 2 on page 34: 'NoneType' object has no attribute 'get_text'
2025-04-14 10:16:46,688 - WARNING - Error parsing job card 3 on page 34: 'NoneType' object has no attribute 'get_text'
2025-04-14 10:16:46,689 - WARNING - Error parsing job card 5 on page 34: 'NoneType' object has no attribute 'get_text'
2025-04-14 10:16:46,689 - WARNING - Error parsing job card 6 on page 34: 'NoneType' object has no attribute 'get_text'
2025-04-14 10:16:46,690 - WARNING - Error parsing job card 8 on page 34: 'NoneType' object has no attribute 'get_text'
2025-04-14 10:16:47,454 - WARNING - Error parsing job card 7 on page 35: 'NoneType' object has no attribute 'get_text'
2025-04-14 10:16:47,454 - WARNING - Error parsing job card 8 on page 35: 'NoneType' object has no attribute 'get_text'
2025-04-14 10:16:50,337 - WARNING - Error parsing job card 4 on page 37: 'NoneType' object has no attribute 'get_text'
2025-04-14 10:16:50,338 - WARNING - Error parsing job card 5 on page 37: 'NoneType' object has no attribute 'get_text'
2025-04-14 10:16:50,340 - WARNING - Error parsing job card 8 on page 37: 'NoneType' object has no attribute 'get_text'
2025-04-14 10:16:51,867 - WARNING - Error parsing job card 2 on page 39: 'NoneType' object has no attribute 'get_text'
2025-04-14 10:16:51,867 - WARNING - Error parsing job card 3 on page 39: 'NoneType' object has no attribute 'get_text'
2025-04-14 10:16:52,720 - WARNING - Error parsing job card 10 on page 40: 'NoneType' object has no attribute 'get_text'
2025-04-14 10:16:53,479 - WARNING - Error parsing job card 8 on page 41: 'NoneType' object has no attribute 'get_text'
2025-04-14 10:16:53,480 - WARNING - Error parsing job card 10 on page 41: 'NoneType' object has no attribute 'get_text'
2025-04-14 10:16:54,272 - WARNING - Error parsing job card 8 on page 42: 'NoneType' object has no attribute 'get_text'
2025-04-14 10:16:55,054 - WARNING - Error parsing job card 4 on page 43: 'NoneType' object has no attribute 'get_text'
2025-04-14 10:16:55,054 - WARNING - Error parsing job card 5 on page 43: 'NoneType' object has no attribute 'get_text'
2025-04-14 10:16:55,054 - WARNING - Error parsing job card 6 on page 43: 'NoneType' object has no attribute 'get_text'
2025-04-14 10:16:55,055 - WARNING - Error parsing job card 7 on page 43: 'NoneType' object has no attribute 'get_text'
2025-04-14 10:16:55,056 - WARNING - Error parsing job card 10 on page 43: 'NoneType' object has no attribute 'get_text'
2025-04-14 10:16:56,391 - WARNING - Error parsing job card 1 on page 44: 'NoneType' object has no attribute 'get_text'
2025-04-14 10:16:56,393 - WARNING - Error parsing job card 4 on page 44: 'NoneType' object has no attribute 'get_text'
2025-04-14 10:16:56,393 - WARNING - Error parsing job card 5 on page 44: 'NoneType' object has no attribute 'get_text'
2025-04-14 10:16:56,397 - WARNING - Error parsing job card 10 on page 44: 'NoneType' object has no attribute 'get_text'
2025-04-14 10:16:57,141 - WARNING - Error parsing job card 9 on page 45: 'NoneType' object has no attribute 'get_text'
2025-04-14 10:16:57,975 - WARNING - Error parsing job card 9 on page 46: 'NoneType' object has no attribute 'get_text'
2025-04-14 10:16:58,746 - WARNING - Error parsing job card 9 on page 47: 'NoneType' object has no attribute 'get_text'
2025-04-14 10:16:59,471 - WARNING - Error parsing job card 9 on page 48: 'NoneType' object has no attribute 'get_text'
2025-04-14 10:17:02,659 - WARNING - Error parsing job card 9 on page 49: 'NoneType' object has no attribute 'get_text'
2025-04-14 10:17:08,030 - WARNING - Error parsing job card 9 on page 50: 'NoneType' object has no attribute 'get_text'
2025-04-14 10:17:12,332 - WARNING - Error parsing job card 9 on page 51: 'NoneType' object has no attribute 'get_text'
2025-04-14 10:17:13,149 - WARNING - Error parsing job card 9 on page 52: 'NoneType' object has no attribute 'get_text'
2025-04-14 10:17:13,947 - WARNING - Error parsing job card 9 on page 53: 'NoneType' object has no attribute 'get_text'
2025-04-14 10:17:16,970 - WARNING - Error parsing job card 9 on page 54: 'NoneType' object has no attribute 'get_text'
2025-04-14 10:17:17,776 - WARNING - Error parsing job card 9 on page 55: 'NoneType' object has no attribute 'get_text'
2025-04-14 10:17:18,542 - WARNING - Error parsing job card 9 on page 56: 'NoneType' object has no attribute 'get_text'
2025-04-14 10:17:19,352 - WARNING - Error parsing job card 9 on page 57: 'NoneType' object has no attribute 'get_text'
2025-04-14 10:17:21,180 - WARNING - Error parsing job card 9 on page 58: 'NoneType' object has no attribute 'get_text'
2025-04-14 10:17:22,124 - WARNING - Error parsing job card 9 on page 59: 'NoneType' object has no attribute 'get_text'
2025-04-14 10:17:22,997 - WARNING - Error parsing job card 9 on page 60: 'NoneType' object has no attribute 'get_text'
2025-04-14 10:17:23,774 - WARNING - Error parsing job card 9 on page 61: 'NoneType' object has no attribute 'get_text'
2025-04-14 10:17:24,625 - WARNING - Error parsing job card 9 on page 62: 'NoneType' object has no attribute 'get_text'
2025-04-14 10:17:25,415 - WARNING - Error parsing job card 9 on page 63: 'NoneType' object has no attribute 'get_text'
2025-04-14 10:17:26,194 - WARNING - Error parsing job card 9 on page 64: 'NoneType' object has no attribute 'get_text'
2025-04-14 10:17:26,964 - WARNING - Error parsing job card 9 on page 65: 'NoneType' object has no attribute 'get_text'
2025-04-14 10:17:27,725 - WARNING - Error parsing job card 9 on page 66: 'NoneType' object has no attribute 'get_text'
2025-04-14 10:17:28,439 - WARNING - Error parsing job card 9 on page 67: 'NoneType' object has no attribute 'get_text'
2025-04-14 10:17:29,207 - WARNING - Error parsing job card 9 on page 68: 'NoneType' object has no attribute 'get_text'
2025-04-14 10:17:29,974 - WARNING - Error parsing job card 9 on page 69: 'NoneType' object has no attribute 'get_text'
2025-04-14 10:17:30,740 - WARNING - Error parsing job card 9 on page 70: 'NoneType' object has no attribute 'get_text'
2025-04-14 10:17:31,489 - WARNING - Error parsing job card 9 on page 71: 'NoneType' object has no attribute 'get_text'
2025-04-14 10:17:32,232 - WARNING - Error parsing job card 9 on page 72: 'NoneType' object has no attribute 'get_text'
2025-04-14 10:17:33,121 - WARNING - Error parsing job card 9 on page 73: 'NoneType' object has no attribute 'get_text'
2025-04-14 10:17:33,891 - WARNING - Error parsing job card 9 on page 74: 'NoneType' object has no attribute 'get_text'
2025-04-14 10:17:36,094 - WARNING - Error parsing job card 9 on page 75: 'NoneType' object has no attribute 'get_text'
2025-04-14 10:17:38,809 - WARNING - Error parsing job card 9 on page 76: 'NoneType' object has no attribute 'get_text'
2025-04-14 10:17:39,643 - WARNING - Error parsing job card 9 on page 77: 'NoneType' object has no attribute 'get_text'
2025-04-14 10:17:40,442 - WARNING - Error parsing job card 9 on page 78: 'NoneType' object has no attribute 'get_text'
2025-04-14 10:17:42,071 - WARNING - Error parsing job card 9 on page 79: 'NoneType' object has no attribute 'get_text'
2025-04-14 10:17:42,919 - WARNING - Error parsing job card 9 on page 80: 'NoneType' object has no attribute 'get_text'
2025-04-14 10:17:45,299 - WARNING - Error parsing job card 9 on page 81: 'NoneType' object has no attribute 'get_text'
2025-04-14 10:17:46,058 - WARNING - Error parsing job card 9 on page 82: 'NoneType' object has no attribute 'get_text'
2025-04-14 10:17:48,225 - WARNING - Error parsing job card 9 on page 83: 'NoneType' object has no attribute 'get_text'
2025-04-14 10:17:49,074 - WARNING - Error parsing job card 9 on page 84: 'NoneType' object has no attribute 'get_text'
2025-04-14 10:17:49,861 - WARNING - Error parsing job card 9 on page 85: 'NoneType' object has no attribute 'get_text'
2025-04-14 10:17:50,660 - WARNING - Error parsing job card 9 on page 86: 'NoneType' object has no attribute 'get_text'
2025-04-14 10:17:51,534 - WARNING - Error parsing job card 9 on page 87: 'NoneType' object has no attribute 'get_text'
2025-04-14 10:18:07,251 - WARNING - Error parsing job card 9 on page 88: 'NoneType' object has no attribute 'get_text'
2025-04-14 10:18:32,415 - WARNING - Error parsing job card 9 on page 89: 'NoneType' object has no attribute 'get_text'
2025-04-14 10:18:35,511 - WARNING - Error parsing job card 9 on page 90: 'NoneType' object has no attribute 'get_text'
2025-04-14 10:18:37,619 - WARNING - Error parsing job card 9 on page 91: 'NoneType' object has no attribute 'get_text'
2025-04-14 10:18:38,374 - WARNING - Error parsing job card 9 on page 92: 'NoneType' object has no attribute 'get_text'
2025-04-14 10:18:39,329 - WARNING - Error parsing job card 9 on page 93: 'NoneType' object has no attribute 'get_text'
2025-04-14 10:18:40,050 - WARNING - Error parsing job card 9 on page 94: 'NoneType' object has no attribute 'get_text'
2025-04-14 10:18:41,149 - WARNING - Error parsing job card 9 on page 95: 'NoneType' object has no attribute 'get_text'
2025-04-14 10:18:41,941 - WARNING - Error parsing job card 9 on page 96: 'NoneType' object has no attribute 'get_text'
2025-04-14 10:18:42,683 - WARNING - Error parsing job card 9 on page 97: 'NoneType' object has no attribute 'get_text'
2025-04-14 10:18:43,514 - WARNING - Error parsing job card 9 on page 98: 'NoneType' object has no attribute 'get_text'
2025-04-14 10:18:44,253 - WARNING - Error parsing job card 9 on page 99: 'NoneType' object has no attribute 'get_text'
2025-04-14 10:18:45,008 - WARNING - Error parsing job card 9 on page 100: 'NoneType' object has no attribute 'get_text'
2025-04-14 10:18:45,872 - WARNING - Error parsing job card 9 on page 101: 'NoneType' object has no attribute 'get_text'
2025-04-14 10:18:46,681 - WARNING - Error parsing job card 9 on page 102: 'NoneType' object has no attribute 'get_text'
2025-04-14 10:18:47,502 - WARNING - Error parsing job card 9 on page 103: 'NoneType' object has no attribute 'get_text'
2025-04-14 10:18:48,313 - WARNING - Error parsing job card 9 on page 104: 'NoneType' object has no attribute 'get_text'
2025-04-14 10:18:49,084 - WARNING - Error parsing job card 9 on page 105: 'NoneType' object has no attribute 'get_text'
2025-04-14 10:18:50,028 - WARNING - Error parsing job card 9 on page 106: 'NoneType' object has no attribute 'get_text'
2025-04-14 10:18:51,062 - WARNING - Error parsing job card 9 on page 107: 'NoneType' object has no attribute 'get_text'
2025-04-14 10:18:52,625 - WARNING - Error parsing job card 9 on page 108: 'NoneType' object has no attribute 'get_text'
2025-04-14 10:18:53,451 - WARNING - Error parsing job card 9 on page 109: 'NoneType' object has no attribute 'get_text'
2025-04-14 10:18:54,280 - WARNING - Error parsing job card 9 on page 110: 'NoneType' object has no attribute 'get_text'
2025-04-14 10:18:55,036 - WARNING - Error parsing job card 9 on page 111: 'NoneType' object has no attribute 'get_text'
2025-04-14 10:18:57,189 - WARNING - Error parsing job card 9 on page 112: 'NoneType' object has no attribute 'get_text'
2025-04-14 10:18:58,618 - WARNING - Error parsing job card 9 on page 113: 'NoneType' object has no attribute 'get_text'
2025-04-14 10:18:59,457 - WARNING - Error parsing job card 9 on page 114: 'NoneType' object has no attribute 'get_text'
2025-04-14 10:19:01,612 - WARNING - Error parsing job card 9 on page 115: 'NoneType' object has no attribute 'get_text'
2025-04-14 10:19:03,157 - WARNING - Error parsing job card 9 on page 116: 'NoneType' object has no attribute 'get_text'
2025-04-14 10:19:03,997 - WARNING - Error parsing job card 9 on page 117: 'NoneType' object has no attribute 'get_text'
2025-04-14 10:19:04,773 - WARNING - Error parsing job card 9 on page 118: 'NoneType' object has no attribute 'get_text'
2025-04-14 10:19:05,532 - WARNING - Error parsing job card 9 on page 119: 'NoneType' object has no attribute 'get_text'
2025-04-14 10:19:06,457 - WARNING - Error parsing job card 9 on page 120: 'NoneType' object has no attribute 'get_text'
2025-04-14 10:19:08,105 - WARNING - Error parsing job card 9 on page 121: 'NoneType' object has no attribute 'get_text'
2025-04-14 10:19:08,894 - WARNING - Error parsing job card 9 on page 122: 'NoneType' object has no attribute 'get_text'
2025-04-14 10:19:09,697 - WARNING - Error parsing job card 9 on page 123: 'NoneType' object has no attribute 'get_text'
2025-04-14 10:19:10,465 - WARNING - Error parsing job card 9 on page 124: 'NoneType' object has no attribute 'get_text'
2025-04-14 10:19:11,232 - WARNING - Error parsing job card 9 on page 125: 'NoneType' object has no attribute 'get_text'
2025-04-14 10:19:11,983 - WARNING - Error parsing job card 9 on page 126: 'NoneType' object has no attribute 'get_text'
2025-04-14 10:19:12,752 - WARNING - Error parsing job card 9 on page 127: 'NoneType' object has no attribute 'get_text'
2025-04-14 10:19:13,716 - WARNING - Error parsing job card 9 on page 128: 'NoneType' object has no attribute 'get_text'
2025-04-14 10:19:14,596 - WARNING - Error parsing job card 9 on page 129: 'NoneType' object has no attribute 'get_text'
2025-04-14 10:19:16,179 - WARNING - Error parsing job card 9 on page 130: 'NoneType' object has no attribute 'get_text'
2025-04-14 10:19:18,640 - WARNING - Error parsing job card 9 on page 131: 'NoneType' object has no attribute 'get_text'
2025-04-14 10:19:21,349 - WARNING - Error parsing job card 9 on page 132: 'NoneType' object has no attribute 'get_text'
2025-04-14 10:19:22,188 - WARNING - Error parsing job card 9 on page 133: 'NoneType' object has no attribute 'get_text'
2025-04-14 10:19:23,115 - WARNING - Error parsing job card 9 on page 134: 'NoneType' object has no attribute 'get_text'
2025-04-14 10:19:24,334 - WARNING - Error parsing job card 9 on page 135: 'NoneType' object has no attribute 'get_text'
2025-04-14 10:19:27,124 - WARNING - Error parsing job card 9 on page 136: 'NoneType' object has no attribute 'get_text'
2025-04-14 10:19:29,330 - WARNING - Error parsing job card 9 on page 137: 'NoneType' object has no attribute 'get_text'
2025-04-14 10:19:30,370 - WARNING - Error parsing job card 9 on page 138: 'NoneType' object has no attribute 'get_text'
2025-04-14 10:19:32,272 - WARNING - Error parsing job card 9 on page 139: 'NoneType' object has no attribute 'get_text'
2025-04-14 10:19:35,940 - WARNING - Error parsing job card 9 on page 140: 'NoneType' object has no attribute 'get_text'
2025-04-14 10:19:36,957 - WARNING - Error parsing job card 9 on page 141: 'NoneType' object has no attribute 'get_text'
2025-04-14 10:19:39,387 - WARNING - Error parsing job card 9 on page 142: 'NoneType' object has no attribute 'get_text'
2025-04-14 10:19:40,755 - WARNING - Error parsing job card 9 on page 143: 'NoneType' object has no attribute 'get_text'
2025-04-14 10:19:43,803 - WARNING - Error parsing job card 9 on page 144: 'NoneType' object has no attribute 'get_text'
2025-04-14 10:19:45,242 - WARNING - Error parsing job card 9 on page 145: 'NoneType' object has no attribute 'get_text'
2025-04-14 10:19:47,960 - WARNING - Error parsing job card 9 on page 146: 'NoneType' object has no attribute 'get_text'
2025-04-14 10:19:49,107 - WARNING - Error parsing job card 9 on page 147: 'NoneType' object has no attribute 'get_text'
2025-04-14 10:19:50,300 - WARNING - Error parsing job card 9 on page 148: 'NoneType' object has no attribute 'get_text'
2025-04-14 10:19:52,067 - WARNING - Error parsing job card 9 on page 149: 'NoneType' object has no attribute 'get_text'
2025-04-14 10:19:54,417 - WARNING - Error parsing job card 9 on page 150: 'NoneType' object has no attribute 'get_text'
2025-04-14 10:19:56,593 - WARNING - Error parsing job card 9 on page 151: 'NoneType' object has no attribute 'get_text'
2025-04-14 10:20:02,493 - WARNING - Error parsing job card 9 on page 152: 'NoneType' object has no attribute 'get_text'
2025-04-14 10:20:05,994 - WARNING - Error parsing job card 9 on page 153: 'NoneType' object has no attribute 'get_text'
2025-04-14 10:20:07,848 - WARNING - Error parsing job card 9 on page 154: 'NoneType' object has no attribute 'get_text'
2025-04-14 10:20:09,572 - WARNING - Error parsing job card 9 on page 155: 'NoneType' object has no attribute 'get_text'
2025-04-14 10:20:12,390 - WARNING - Error parsing job card 9 on page 156: 'NoneType' object has no attribute 'get_text'
2025-04-14 10:20:13,878 - WARNING - Error parsing job card 9 on page 157: 'NoneType' object has no attribute 'get_text'
2025-04-14 10:20:16,137 - WARNING - Error parsing job card 9 on page 158: 'NoneType' object has no attribute 'get_text'
2025-04-14 10:20:19,880 - WARNING - Error parsing job card 9 on page 159: 'NoneType' object has no attribute 'get_text'
2025-04-14 10:20:20,943 - WARNING - Error parsing job card 9 on page 160: 'NoneType' object has no attribute 'get_text'
2025-04-14 10:20:21,832 - WARNING - Error parsing job card 9 on page 161: 'NoneType' object has no attribute 'get_text'
2025-04-14 10:20:22,836 - WARNING - Error parsing job card 9 on page 162: 'NoneType' object has no attribute 'get_text'
2025-04-14 10:20:23,686 - WARNING - Error parsing job card 9 on page 163: 'NoneType' object has no attribute 'get_text'
2025-04-14 10:20:24,488 - WARNING - Error parsing job card 9 on page 164: 'NoneType' object has no attribute 'get_text'
2025-04-14 10:20:26,812 - WARNING - Error parsing job card 9 on page 165: 'NoneType' object has no attribute 'get_text'
2025-04-14 10:20:27,741 - WARNING - Error parsing job card 9 on page 166: 'NoneType' object has no attribute 'get_text'
2025-04-14 10:20:28,624 - WARNING - Error parsing job card 9 on page 167: 'NoneType' object has no attribute 'get_text'
2025-04-14 10:20:29,472 - WARNING - Error parsing job card 9 on page 168: 'NoneType' object has no attribute 'get_text'
2025-04-14 10:20:31,026 - WARNING - Error parsing job card 9 on page 169: 'NoneType' object has no attribute 'get_text'
2025-04-14 10:20:31,941 - WARNING - Error parsing job card 9 on page 170: 'NoneType' object has no attribute 'get_text'
2025-04-14 10:20:32,802 - WARNING - Error parsing job card 9 on page 171: 'NoneType' object has no attribute 'get_text'
2025-04-14 10:20:33,792 - WARNING - Error parsing job card 9 on page 172: 'NoneType' object has no attribute 'get_text'
2025-04-14 10:20:34,644 - WARNING - Error parsing job card 9 on page 173: 'NoneType' object has no attribute 'get_text'
2025-04-14 10:20:35,591 - WARNING - Error parsing job card 9 on page 174: 'NoneType' object has no attribute 'get_text'
2025-04-14 10:20:36,487 - WARNING - Error parsing job card 9 on page 175: 'NoneType' object has no attribute 'get_text'
2025-04-14 10:20:37,429 - WARNING - Error parsing job card 9 on page 176: 'NoneType' object has no attribute 'get_text'
2025-04-14 10:20:38,263 - WARNING - Error parsing job card 9 on page 177: 'NoneType' object has no attribute 'get_text'
2025-04-14 10:20:39,040 - WARNING - Error parsing job card 9 on page 178: 'NoneType' object has no attribute 'get_text'
2025-04-14 10:20:39,903 - WARNING - Error parsing job card 9 on page 179: 'NoneType' object has no attribute 'get_text'
2025-04-14 10:20:40,737 - WARNING - Error parsing job card 9 on page 180: 'NoneType' object has no attribute 'get_text'
2025-04-14 10:20:41,544 - WARNING - Error parsing job card 9 on page 181: 'NoneType' object has no attribute 'get_text'
2025-04-14 10:20:42,343 - WARNING - Error parsing job card 9 on page 182: 'NoneType' object has no attribute 'get_text'
2025-04-14 10:20:45,655 - WARNING - Error parsing job card 9 on page 183: 'NoneType' object has no attribute 'get_text'
2025-04-14 10:20:47,945 - WARNING - Error parsing job card 9 on page 184: 'NoneType' object has no attribute 'get_text'
2025-04-14 10:20:51,040 - WARNING - Error parsing job card 9 on page 185: 'NoneType' object has no attribute 'get_text'
2025-04-14 10:20:53,347 - WARNING - Error parsing job card 9 on page 186: 'NoneType' object has no attribute 'get_text'
2025-04-14 10:20:54,271 - WARNING - Error parsing job card 9 on page 187: 'NoneType' object has no attribute 'get_text'
2025-04-14 10:20:55,035 - WARNING - Error parsing job card 9 on page 188: 'NoneType' object has no attribute 'get_text'
2025-04-14 10:20:55,778 - WARNING - Error parsing job card 9 on page 189: 'NoneType' object has no attribute 'get_text'
2025-04-14 10:20:56,630 - WARNING - Error parsing job card 9 on page 190: 'NoneType' object has no attribute 'get_text'
2025-04-14 10:20:57,372 - WARNING - Error parsing job card 9 on page 191: 'NoneType' object has no attribute 'get_text'
2025-04-14 10:20:58,134 - WARNING - Error parsing job card 9 on page 192: 'NoneType' object has no attribute 'get_text'
2025-04-14 10:20:58,924 - WARNING - Error parsing job card 9 on page 193: 'NoneType' object has no attribute 'get_text'
2025-04-14 10:20:59,831 - WARNING - Error parsing job card 9 on page 194: 'NoneType' object has no attribute 'get_text'
2025-04-14 10:21:00,597 - WARNING - Error parsing job card 9 on page 195: 'NoneType' object has no attribute 'get_text'
2025-04-14 10:21:01,372 - WARNING - Error parsing job card 9 on page 196: 'NoneType' object has no attribute 'get_text'
2025-04-14 10:21:02,147 - WARNING - Error parsing job card 9 on page 197: 'NoneType' object has no attribute 'get_text'
2025-04-14 10:21:02,951 - WARNING - Error parsing job card 9 on page 198: 'NoneType' object has no attribute 'get_text'
2025-04-14 10:21:03,886 - WARNING - Error parsing job card 9 on page 199: 'NoneType' object has no attribute 'get_text'
2025-04-14 10:21:04,753 - WARNING - Error parsing job card 9 on page 200: 'NoneType' object has no attribute 'get_text'
2025-04-14 10:21:05,899 - WARNING - Error parsing job card 9 on page 201: 'NoneType' object has no attribute 'get_text'
2025-04-14 10:23:29,469 - INFO - Starting scraping process...
2025-04-14 10:23:30,225 - WARNING - Error parsing job card on page 1: 'NoneType' object has no attribute 'get_text'
2025-04-14 10:23:30,227 - WARNING - Error parsing job card on page 1: 'NoneType' object has no attribute 'get_text'
2025-04-14 10:23:30,227 - WARNING - Error parsing job card on page 1: 'NoneType' object has no attribute 'get_text'
2025-04-14 10:23:30,227 - WARNING - Error parsing job card on page 1: 'NoneType' object has no attribute 'get_text'
2025-04-14 10:23:30,228 - WARNING - Error parsing job card on page 1: 'NoneType' object has no attribute 'get_text'
2025-04-14 10:23:30,945 - WARNING - Error parsing job card on page 2: 'NoneType' object has no attribute 'get_text'
2025-04-14 10:23:31,736 - WARNING - Error parsing job card on page 3: 'NoneType' object has no attribute 'get_text'
2025-04-14 10:23:32,487 - WARNING - Error parsing job card on page 4: 'NoneType' object has no attribute 'get_text'
2025-04-14 10:23:32,492 - WARNING - Error parsing job card on page 4: 'NoneType' object has no attribute 'get_text'
2025-04-14 10:23:33,902 - WARNING - Error parsing job card on page 6: 'NoneType' object has no attribute 'get_text'
2025-04-14 10:23:33,902 - WARNING - Error parsing job card on page 6: 'NoneType' object has no attribute 'get_text'
2025-04-14 10:23:33,903 - WARNING - Error parsing job card on page 6: 'NoneType' object has no attribute 'get_text'
2025-04-14 10:23:34,629 - WARNING - Error parsing job card on page 7: 'NoneType' object has no attribute 'get_text'
2025-04-14 10:23:34,630 - WARNING - Error parsing job card on page 7: 'NoneType' object has no attribute 'get_text'
2025-04-14 10:23:35,351 - WARNING - Error parsing job card on page 8: 'NoneType' object has no attribute 'get_text'
2025-04-14 10:23:39,635 - WARNING - Error parsing job card on page 12: 'NoneType' object has no attribute 'get_text'
2025-04-14 10:23:39,636 - WARNING - Error parsing job card on page 12: 'NoneType' object has no attribute 'get_text'
2025-04-14 10:23:40,350 - WARNING - Error parsing job card on page 13: 'NoneType' object has no attribute 'get_text'
2025-04-14 10:23:41,077 - WARNING - Error parsing job card on page 14: 'NoneType' object has no attribute 'get_text'
2025-04-14 10:23:41,801 - WARNING - Error parsing job card on page 15: 'NoneType' object has no attribute 'get_text'
2025-04-14 10:23:41,801 - WARNING - Error parsing job card on page 15: 'NoneType' object has no attribute 'get_text'
2025-04-14 10:23:41,804 - WARNING - Error parsing job card on page 15: 'NoneType' object has no attribute 'get_text'
2025-04-14 10:23:41,805 - WARNING - Error parsing job card on page 15: 'NoneType' object has no attribute 'get_text'
2025-04-14 10:23:42,543 - WARNING - Error parsing job card on page 16: 'NoneType' object has no attribute 'get_text'
2025-04-14 10:23:42,548 - WARNING - Error parsing job card on page 16: 'NoneType' object has no attribute 'get_text'
2025-04-14 10:23:43,296 - WARNING - Error parsing job card on page 17: 'NoneType' object has no attribute 'get_text'
2025-04-14 10:23:43,297 - WARNING - Error parsing job card on page 17: 'NoneType' object has no attribute 'get_text'
2025-04-14 10:23:43,299 - WARNING - Error parsing job card on page 17: 'NoneType' object has no attribute 'get_text'
2025-04-14 10:23:44,044 - WARNING - Error parsing job card on page 18: 'NoneType' object has no attribute 'get_text'
2025-04-14 10:23:44,045 - WARNING - Error parsing job card on page 18: 'NoneType' object has no attribute 'get_text'
2025-04-14 10:23:44,132 - WARNING - Error parsing job card on page 18: 'NoneType' object has no attribute 'get_text'
2025-04-14 10:23:44,155 - WARNING - Error parsing job card on page 18: 'NoneType' object has no attribute 'get_text'
2025-04-14 10:23:44,219 - WARNING - Error parsing job card on page 18: 'NoneType' object has no attribute 'get_text'
2025-04-14 10:23:44,944 - WARNING - Error parsing job card on page 19: 'NoneType' object has no attribute 'get_text'
2025-04-14 10:23:44,945 - WARNING - Error parsing job card on page 19: 'NoneType' object has no attribute 'get_text'
2025-04-14 10:23:44,945 - WARNING - Error parsing job card on page 19: 'NoneType' object has no attribute 'get_text'
2025-04-14 10:23:44,946 - WARNING - Error parsing job card on page 19: 'NoneType' object has no attribute 'get_text'
2025-04-14 10:23:44,949 - WARNING - Error parsing job card on page 19: 'NoneType' object has no attribute 'get_text'
2025-04-14 10:23:44,949 - WARNING - Error parsing job card on page 19: 'NoneType' object has no attribute 'get_text'
2025-04-14 10:23:52,058 - WARNING - Error parsing job card on page 21: 'NoneType' object has no attribute 'get_text'
2025-04-14 10:23:52,064 - WARNING - Error parsing job card on page 21: 'NoneType' object has no attribute 'get_text'
2025-04-14 10:23:52,777 - WARNING - Error parsing job card on page 22: 'NoneType' object has no attribute 'get_text'
2025-04-14 10:23:53,490 - WARNING - Error parsing job card on page 23: 'NoneType' object has no attribute 'get_text'
2025-04-14 10:23:53,490 - WARNING - Error parsing job card on page 23: 'NoneType' object has no attribute 'get_text'
2025-04-14 10:23:54,243 - WARNING - Error parsing job card on page 24: 'NoneType' object has no attribute 'get_text'
2025-04-14 10:23:54,247 - WARNING - Error parsing job card on page 24: 'NoneType' object has no attribute 'get_text'
2025-04-14 10:23:55,669 - WARNING - Error parsing job card on page 26: 'NoneType' object has no attribute 'get_text'
2025-04-14 10:23:55,669 - WARNING - Error parsing job card on page 26: 'NoneType' object has no attribute 'get_text'
2025-04-14 10:23:55,670 - WARNING - Error parsing job card on page 26: 'NoneType' object has no attribute 'get_text'
2025-04-14 10:23:57,767 - WARNING - Error parsing job card on page 27: 'NoneType' object has no attribute 'get_text'
2025-04-14 10:23:58,470 - WARNING - Error parsing job card on page 28: 'NoneType' object has no attribute 'get_text'
2025-04-14 10:23:59,204 - WARNING - Error parsing job card on page 29: 'NoneType' object has no attribute 'get_text'
2025-04-14 10:23:59,206 - WARNING - Error parsing job card on page 29: 'NoneType' object has no attribute 'get_text'
2025-04-14 10:23:59,210 - WARNING - Error parsing job card on page 29: 'NoneType' object has no attribute 'get_text'
2025-04-14 10:23:59,941 - WARNING - Error parsing job card on page 30: 'NoneType' object has no attribute 'get_text'
2025-04-14 10:23:59,941 - WARNING - Error parsing job card on page 30: 'NoneType' object has no attribute 'get_text'
2025-04-14 10:24:00,685 - WARNING - Error parsing job card on page 31: 'NoneType' object has no attribute 'get_text'
2025-04-14 10:24:01,463 - WARNING - Error parsing job card on page 32: 'NoneType' object has no attribute 'get_text'
2025-04-14 10:24:01,464 - WARNING - Error parsing job card on page 32: 'NoneType' object has no attribute 'get_text'
2025-04-14 10:24:01,466 - WARNING - Error parsing job card on page 32: 'NoneType' object has no attribute 'get_text'
2025-04-14 10:24:01,467 - WARNING - Error parsing job card on page 32: 'NoneType' object has no attribute 'get_text'
2025-04-14 10:24:02,926 - WARNING - Error parsing job card on page 34: 'NoneType' object has no attribute 'get_text'
2025-04-14 10:24:02,926 - WARNING - Error parsing job card on page 34: 'NoneType' object has no attribute 'get_text'
2025-04-14 10:24:02,926 - WARNING - Error parsing job card on page 34: 'NoneType' object has no attribute 'get_text'
2025-04-14 10:24:02,927 - WARNING - Error parsing job card on page 34: 'NoneType' object has no attribute 'get_text'
2025-04-14 10:24:02,927 - WARNING - Error parsing job card on page 34: 'NoneType' object has no attribute 'get_text'
2025-04-14 10:24:02,928 - WARNING - Error parsing job card on page 34: 'NoneType' object has no attribute 'get_text'
2025-04-14 10:24:03,846 - WARNING - Error parsing job card on page 35: 'NoneType' object has no attribute 'get_text'
2025-04-14 10:24:03,846 - WARNING - Error parsing job card on page 35: 'NoneType' object has no attribute 'get_text'
2025-04-14 10:24:06,400 - WARNING - Error parsing job card on page 37: 'NoneType' object has no attribute 'get_text'
2025-04-14 10:24:06,400 - WARNING - Error parsing job card on page 37: 'NoneType' object has no attribute 'get_text'
2025-04-14 10:24:06,402 - WARNING - Error parsing job card on page 37: 'NoneType' object has no attribute 'get_text'
2025-04-14 10:24:07,851 - WARNING - Error parsing job card on page 39: 'NoneType' object has no attribute 'get_text'
2025-04-14 10:24:07,851 - WARNING - Error parsing job card on page 39: 'NoneType' object has no attribute 'get_text'
2025-04-14 10:24:08,582 - WARNING - Error parsing job card on page 40: 'NoneType' object has no attribute 'get_text'
2025-04-14 10:24:09,290 - WARNING - Error parsing job card on page 41: 'NoneType' object has no attribute 'get_text'
2025-04-14 10:24:09,291 - WARNING - Error parsing job card on page 41: 'NoneType' object has no attribute 'get_text'
2025-04-14 10:24:10,530 - WARNING - Error parsing job card on page 42: 'NoneType' object has no attribute 'get_text'
2025-04-14 10:24:11,518 - WARNING - Error parsing job card on page 43: 'NoneType' object has no attribute 'get_text'
2025-04-14 10:24:11,519 - WARNING - Error parsing job card on page 43: 'NoneType' object has no attribute 'get_text'
2025-04-14 10:24:11,519 - WARNING - Error parsing job card on page 43: 'NoneType' object has no attribute 'get_text'
2025-04-14 10:24:11,520 - WARNING - Error parsing job card on page 43: 'NoneType' object has no attribute 'get_text'
2025-04-14 10:24:11,554 - WARNING - Error parsing job card on page 43: 'NoneType' object has no attribute 'get_text'
2025-04-14 10:24:12,334 - WARNING - Error parsing job card on page 44: 'NoneType' object has no attribute 'get_text'
2025-04-14 10:24:12,359 - WARNING - Error parsing job card on page 44: 'NoneType' object has no attribute 'get_text'
2025-04-14 10:24:12,360 - WARNING - Error parsing job card on page 44: 'NoneType' object has no attribute 'get_text'
2025-04-14 10:24:12,421 - WARNING - Error parsing job card on page 44: 'NoneType' object has no attribute 'get_text'
2025-04-14 10:24:13,970 - WARNING - Error parsing job card on page 45: 'NoneType' object has no attribute 'get_text'
2025-04-14 10:24:14,676 - WARNING - Error parsing job card on page 46: 'NoneType' object has no attribute 'get_text'
2025-04-14 10:24:15,430 - WARNING - Error parsing job card on page 47: 'NoneType' object has no attribute 'get_text'
2025-04-14 10:24:18,617 - WARNING - Error parsing job card on page 48: 'NoneType' object has no attribute 'get_text'
2025-04-14 10:24:19,354 - WARNING - Error parsing job card on page 49: 'NoneType' object has no attribute 'get_text'
2025-04-14 10:24:20,109 - WARNING - Error parsing job card on page 50: 'NoneType' object has no attribute 'get_text'
2025-04-14 10:24:20,813 - WARNING - Error parsing job card on page 51: 'NoneType' object has no attribute 'get_text'
2025-04-14 10:24:21,541 - WARNING - Error parsing job card on page 52: 'NoneType' object has no attribute 'get_text'
2025-04-14 10:24:22,257 - WARNING - Error parsing job card on page 53: 'NoneType' object has no attribute 'get_text'
2025-04-14 10:24:22,972 - WARNING - Error parsing job card on page 54: 'NoneType' object has no attribute 'get_text'
2025-04-14 10:24:23,705 - WARNING - Error parsing job card on page 55: 'NoneType' object has no attribute 'get_text'
2025-04-14 10:24:24,479 - WARNING - Error parsing job card on page 56: 'NoneType' object has no attribute 'get_text'
2025-04-14 10:24:25,195 - WARNING - Error parsing job card on page 57: 'NoneType' object has no attribute 'get_text'
2025-04-14 10:24:25,914 - WARNING - Error parsing job card on page 58: 'NoneType' object has no attribute 'get_text'
2025-04-14 10:24:27,988 - WARNING - Error parsing job card on page 59: 'NoneType' object has no attribute 'get_text'
2025-04-14 10:24:28,712 - WARNING - Error parsing job card on page 60: 'NoneType' object has no attribute 'get_text'
2025-04-14 10:24:29,441 - WARNING - Error parsing job card on page 61: 'NoneType' object has no attribute 'get_text'
2025-04-14 10:24:30,177 - WARNING - Error parsing job card on page 62: 'NoneType' object has no attribute 'get_text'
2025-04-14 10:24:30,902 - WARNING - Error parsing job card on page 63: 'NoneType' object has no attribute 'get_text'
2025-04-14 10:24:31,632 - WARNING - Error parsing job card on page 64: 'NoneType' object has no attribute 'get_text'
2025-04-14 10:24:32,373 - WARNING - Error parsing job card on page 65: 'NoneType' object has no attribute 'get_text'
2025-04-14 10:24:33,109 - WARNING - Error parsing job card on page 66: 'NoneType' object has no attribute 'get_text'
2025-04-14 10:24:33,839 - WARNING - Error parsing job card on page 67: 'NoneType' object has no attribute 'get_text'
2025-04-14 10:24:34,561 - WARNING - Error parsing job card on page 68: 'NoneType' object has no attribute 'get_text'
2025-04-14 10:24:35,287 - WARNING - Error parsing job card on page 69: 'NoneType' object has no attribute 'get_text'
2025-04-14 10:24:36,009 - WARNING - Error parsing job card on page 70: 'NoneType' object has no attribute 'get_text'
2025-04-14 10:24:36,729 - WARNING - Error parsing job card on page 71: 'NoneType' object has no attribute 'get_text'
2025-04-14 10:24:37,509 - WARNING - Error parsing job card on page 72: 'NoneType' object has no attribute 'get_text'
2025-04-14 10:24:38,227 - WARNING - Error parsing job card on page 73: 'NoneType' object has no attribute 'get_text'
2025-04-14 10:24:39,410 - WARNING - Error parsing job card on page 74: 'NoneType' object has no attribute 'get_text'
2025-04-14 10:24:40,127 - WARNING - Error parsing job card on page 75: 'NoneType' object has no attribute 'get_text'
2025-04-14 10:24:40,834 - WARNING - Error parsing job card on page 76: 'NoneType' object has no attribute 'get_text'
2025-04-14 10:24:41,572 - WARNING - Error parsing job card on page 77: 'NoneType' object has no attribute 'get_text'
2025-04-14 10:24:42,305 - WARNING - Error parsing job card on page 78: 'NoneType' object has no attribute 'get_text'
2025-04-14 10:24:43,008 - WARNING - Error parsing job card on page 79: 'NoneType' object has no attribute 'get_text'
2025-04-14 10:24:43,743 - WARNING - Error parsing job card on page 80: 'NoneType' object has no attribute 'get_text'
2025-04-14 10:24:44,480 - WARNING - Error parsing job card on page 81: 'NoneType' object has no attribute 'get_text'
2025-04-14 10:24:45,182 - WARNING - Error parsing job card on page 82: 'NoneType' object has no attribute 'get_text'
2025-04-14 10:24:45,936 - WARNING - Error parsing job card on page 83: 'NoneType' object has no attribute 'get_text'
2025-04-14 10:24:46,651 - WARNING - Error parsing job card on page 84: 'NoneType' object has no attribute 'get_text'
2025-04-14 10:24:47,362 - WARNING - Error parsing job card on page 85: 'NoneType' object has no attribute 'get_text'
2025-04-14 10:24:48,058 - WARNING - Error parsing job card on page 86: 'NoneType' object has no attribute 'get_text'
2025-04-14 10:24:48,813 - WARNING - Error parsing job card on page 87: 'NoneType' object has no attribute 'get_text'
2025-04-14 10:24:49,511 - WARNING - Error parsing job card on page 88: 'NoneType' object has no attribute 'get_text'
2025-04-14 10:24:50,242 - WARNING - Error parsing job card on page 89: 'NoneType' object has no attribute 'get_text'
2025-04-14 10:24:50,958 - WARNING - Error parsing job card on page 90: 'NoneType' object has no attribute 'get_text'
2025-04-14 10:24:51,683 - WARNING - Error parsing job card on page 91: 'NoneType' object has no attribute 'get_text'
2025-04-14 10:24:52,397 - WARNING - Error parsing job card on page 92: 'NoneType' object has no attribute 'get_text'
2025-04-14 10:24:53,132 - WARNING - Error parsing job card on page 93: 'NoneType' object has no attribute 'get_text'
2025-04-14 10:24:53,851 - WARNING - Error parsing job card on page 94: 'NoneType' object has no attribute 'get_text'
2025-04-14 10:24:54,675 - WARNING - Error parsing job card on page 95: 'NoneType' object has no attribute 'get_text'
2025-04-14 10:24:55,901 - WARNING - Error parsing job card on page 96: 'NoneType' object has no attribute 'get_text'
2025-04-14 10:24:56,655 - WARNING - Error parsing job card on page 97: 'NoneType' object has no attribute 'get_text'
2025-04-14 10:24:57,398 - WARNING - Error parsing job card on page 98: 'NoneType' object has no attribute 'get_text'
2025-04-14 10:24:58,405 - WARNING - Error parsing job card on page 99: 'NoneType' object has no attribute 'get_text'
2025-04-14 10:24:59,143 - WARNING - Error parsing job card on page 100: 'NoneType' object has no attribute 'get_text'
2025-04-14 10:25:00,679 - WARNING - Error parsing job card on page 101: 'NoneType' object has no attribute 'get_text'
2025-04-14 10:25:01,498 - WARNING - Error parsing job card on page 102: 'NoneType' object has no attribute 'get_text'
2025-04-14 10:25:02,249 - WARNING - Error parsing job card on page 103: 'NoneType' object has no attribute 'get_text'
2025-04-14 10:25:02,982 - WARNING - Error parsing job card on page 104: 'NoneType' object has no attribute 'get_text'
2025-04-14 10:25:03,754 - WARNING - Error parsing job card on page 105: 'NoneType' object has no attribute 'get_text'
2025-04-14 10:25:04,481 - WARNING - Error parsing job card on page 106: 'NoneType' object has no attribute 'get_text'
2025-04-14 10:25:05,363 - WARNING - Error parsing job card on page 107: 'NoneType' object has no attribute 'get_text'
2025-04-14 10:25:06,082 - WARNING - Error parsing job card on page 108: 'NoneType' object has no attribute 'get_text'
2025-04-14 10:25:06,809 - WARNING - Error parsing job card on page 109: 'NoneType' object has no attribute 'get_text'
2025-04-14 10:25:07,609 - WARNING - Error parsing job card on page 110: 'NoneType' object has no attribute 'get_text'
2025-04-14 10:25:08,348 - WARNING - Error parsing job card on page 111: 'NoneType' object has no attribute 'get_text'
2025-04-14 10:25:09,159 - WARNING - Error parsing job card on page 112: 'NoneType' object has no attribute 'get_text'
2025-04-14 10:25:09,872 - WARNING - Error parsing job card on page 113: 'NoneType' object has no attribute 'get_text'
2025-04-14 10:25:10,611 - WARNING - Error parsing job card on page 114: 'NoneType' object has no attribute 'get_text'
2025-04-14 10:25:11,342 - WARNING - Error parsing job card on page 115: 'NoneType' object has no attribute 'get_text'
2025-04-14 10:25:12,065 - WARNING - Error parsing job card on page 116: 'NoneType' object has no attribute 'get_text'
2025-04-14 10:25:12,812 - WARNING - Error parsing job card on page 117: 'NoneType' object has no attribute 'get_text'
2025-04-14 10:25:13,522 - WARNING - Error parsing job card on page 118: 'NoneType' object has no attribute 'get_text'
2025-04-14 10:25:14,233 - WARNING - Error parsing job card on page 119: 'NoneType' object has no attribute 'get_text'
2025-04-14 10:25:15,078 - WARNING - Error parsing job card on page 120: 'NoneType' object has no attribute 'get_text'
2025-04-14 10:25:15,829 - WARNING - Error parsing job card on page 121: 'NoneType' object has no attribute 'get_text'
2025-04-14 10:25:16,541 - WARNING - Error parsing job card on page 122: 'NoneType' object has no attribute 'get_text'
2025-04-14 10:25:18,094 - WARNING - Error parsing job card on page 123: 'NoneType' object has no attribute 'get_text'
2025-04-14 10:25:18,828 - WARNING - Error parsing job card on page 124: 'NoneType' object has no attribute 'get_text'
2025-04-14 10:25:20,983 - WARNING - Error parsing job card on page 125: 'NoneType' object has no attribute 'get_text'
2025-04-14 10:25:22,539 - WARNING - Error parsing job card on page 126: 'NoneType' object has no attribute 'get_text'
2025-04-14 10:25:23,257 - WARNING - Error parsing job card on page 127: 'NoneType' object has no attribute 'get_text'
2025-04-14 10:25:24,955 - WARNING - Error parsing job card on page 128: 'NoneType' object has no attribute 'get_text'
2025-04-14 10:25:28,259 - WARNING - Error parsing job card on page 129: 'NoneType' object has no attribute 'get_text'
2025-04-14 10:25:28,982 - WARNING - Error parsing job card on page 130: 'NoneType' object has no attribute 'get_text'
2025-04-14 10:25:29,694 - WARNING - Error parsing job card on page 131: 'NoneType' object has no attribute 'get_text'
2025-04-14 10:25:30,449 - WARNING - Error parsing job card on page 132: 'NoneType' object has no attribute 'get_text'
2025-04-14 10:25:31,221 - WARNING - Error parsing job card on page 133: 'NoneType' object has no attribute 'get_text'
2025-04-14 10:25:31,959 - WARNING - Error parsing job card on page 134: 'NoneType' object has no attribute 'get_text'
2025-04-14 10:25:32,777 - WARNING - Error parsing job card on page 135: 'NoneType' object has no attribute 'get_text'
2025-04-14 10:25:33,511 - WARNING - Error parsing job card on page 136: 'NoneType' object has no attribute 'get_text'
2025-04-14 10:25:34,228 - WARNING - Error parsing job card on page 137: 'NoneType' object has no attribute 'get_text'
2025-04-14 10:25:36,202 - WARNING - Error parsing job card on page 138: 'NoneType' object has no attribute 'get_text'
2025-04-14 10:25:37,937 - WARNING - Error parsing job card on page 139: 'NoneType' object has no attribute 'get_text'
2025-04-14 10:25:38,666 - WARNING - Error parsing job card on page 140: 'NoneType' object has no attribute 'get_text'
2025-04-14 10:25:39,408 - WARNING - Error parsing job card on page 141: 'NoneType' object has no attribute 'get_text'
2025-04-14 10:25:40,119 - WARNING - Error parsing job card on page 142: 'NoneType' object has no attribute 'get_text'
2025-04-14 10:25:41,382 - WARNING - Error parsing job card on page 143: 'NoneType' object has no attribute 'get_text'
2025-04-14 10:25:42,146 - WARNING - Error parsing job card on page 144: 'NoneType' object has no attribute 'get_text'
2025-04-14 10:25:44,400 - WARNING - Error parsing job card on page 145: 'NoneType' object has no attribute 'get_text'
2025-04-14 10:25:46,379 - WARNING - Error parsing job card on page 146: 'NoneType' object has no attribute 'get_text'
2025-04-14 10:25:47,081 - WARNING - Error parsing job card on page 147: 'NoneType' object has no attribute 'get_text'
2025-04-14 10:25:47,845 - WARNING - Error parsing job card on page 148: 'NoneType' object has no attribute 'get_text'
2025-04-14 10:25:48,557 - WARNING - Error parsing job card on page 149: 'NoneType' object has no attribute 'get_text'
2025-04-14 10:25:49,299 - WARNING - Error parsing job card on page 150: 'NoneType' object has no attribute 'get_text'
2025-04-14 10:25:50,163 - WARNING - Error parsing job card on page 151: 'NoneType' object has no attribute 'get_text'
2025-04-14 10:25:50,867 - WARNING - Error parsing job card on page 152: 'NoneType' object has no attribute 'get_text'
2025-04-14 10:25:51,598 - WARNING - Error parsing job card on page 153: 'NoneType' object has no attribute 'get_text'
2025-04-14 10:25:52,314 - WARNING - Error parsing job card on page 154: 'NoneType' object has no attribute 'get_text'
2025-04-14 10:25:54,774 - WARNING - Error parsing job card on page 155: 'NoneType' object has no attribute 'get_text'
2025-04-14 10:25:55,505 - WARNING - Error parsing job card on page 156: 'NoneType' object has no attribute 'get_text'
2025-04-14 10:25:56,222 - WARNING - Error parsing job card on page 157: 'NoneType' object has no attribute 'get_text'
2025-04-14 10:25:57,046 - WARNING - Error parsing job card on page 158: 'NoneType' object has no attribute 'get_text'
2025-04-14 10:25:57,792 - WARNING - Error parsing job card on page 159: 'NoneType' object has no attribute 'get_text'
2025-04-14 10:25:58,516 - WARNING - Error parsing job card on page 160: 'NoneType' object has no attribute 'get_text'
2025-04-14 10:25:59,267 - WARNING - Error parsing job card on page 161: 'NoneType' object has no attribute 'get_text'
2025-04-14 10:25:59,966 - WARNING - Error parsing job card on page 162: 'NoneType' object has no attribute 'get_text'
2025-04-14 10:26:01,911 - WARNING - Error parsing job card on page 163: 'NoneType' object has no attribute 'get_text'
2025-04-14 10:26:04,059 - WARNING - Error parsing job card on page 164: 'NoneType' object has no attribute 'get_text'
2025-04-14 10:26:05,673 - WARNING - Error parsing job card on page 165: 'NoneType' object has no attribute 'get_text'
2025-04-14 10:26:06,443 - WARNING - Error parsing job card on page 166: 'NoneType' object has no attribute 'get_text'
2025-04-14 10:26:07,185 - WARNING - Error parsing job card on page 167: 'NoneType' object has no attribute 'get_text'
2025-04-14 10:26:07,946 - WARNING - Error parsing job card on page 168: 'NoneType' object has no attribute 'get_text'
2025-04-14 10:26:08,694 - WARNING - Error parsing job card on page 169: 'NoneType' object has no attribute 'get_text'
2025-04-14 10:26:09,395 - WARNING - Error parsing job card on page 170: 'NoneType' object has no attribute 'get_text'
2025-04-14 10:26:10,145 - WARNING - Error parsing job card on page 171: 'NoneType' object has no attribute 'get_text'
2025-04-14 10:26:10,908 - WARNING - Error parsing job card on page 172: 'NoneType' object has no attribute 'get_text'
2025-04-14 10:26:11,642 - WARNING - Error parsing job card on page 173: 'NoneType' object has no attribute 'get_text'
2025-04-14 10:26:12,352 - WARNING - Error parsing job card on page 174: 'NoneType' object has no attribute 'get_text'
2025-04-14 10:26:13,130 - WARNING - Error parsing job card on page 175: 'NoneType' object has no attribute 'get_text'
2025-04-14 10:26:13,980 - WARNING - Error parsing job card on page 176: 'NoneType' object has no attribute 'get_text'
2025-04-14 10:26:14,789 - WARNING - Error parsing job card on page 177: 'NoneType' object has no attribute 'get_text'
2025-04-14 10:26:15,512 - WARNING - Error parsing job card on page 178: 'NoneType' object has no attribute 'get_text'
2025-04-14 10:26:16,255 - WARNING - Error parsing job card on page 179: 'NoneType' object has no attribute 'get_text'
2025-04-14 10:26:16,985 - WARNING - Error parsing job card on page 180: 'NoneType' object has no attribute 'get_text'
2025-04-14 10:26:17,695 - WARNING - Error parsing job card on page 181: 'NoneType' object has no attribute 'get_text'
2025-04-14 10:26:18,824 - WARNING - Error parsing job card on page 182: 'NoneType' object has no attribute 'get_text'
2025-04-14 10:26:19,538 - WARNING - Error parsing job card on page 183: 'NoneType' object has no attribute 'get_text'
2025-04-14 10:26:20,261 - WARNING - Error parsing job card on page 184: 'NoneType' object has no attribute 'get_text'
2025-04-14 10:26:20,958 - WARNING - Error parsing job card on page 185: 'NoneType' object has no attribute 'get_text'
2025-04-14 10:26:21,686 - WARNING - Error parsing job card on page 186: 'NoneType' object has no attribute 'get_text'
2025-04-14 10:26:22,403 - WARNING - Error parsing job card on page 187: 'NoneType' object has no attribute 'get_text'
2025-04-14 10:26:23,141 - WARNING - Error parsing job card on page 188: 'NoneType' object has no attribute 'get_text'
2025-04-14 10:26:23,916 - WARNING - Error parsing job card on page 189: 'NoneType' object has no attribute 'get_text'
2025-04-14 10:26:24,761 - WARNING - Error parsing job card on page 190: 'NoneType' object has no attribute 'get_text'
2025-04-14 10:26:25,492 - WARNING - Error parsing job card on page 191: 'NoneType' object has no attribute 'get_text'
2025-04-14 10:26:26,199 - WARNING - Error parsing job card on page 192: 'NoneType' object has no attribute 'get_text'
2025-04-14 10:26:28,150 - WARNING - Error parsing job card on page 193: 'NoneType' object has no attribute 'get_text'
2025-04-14 10:26:29,717 - WARNING - Error parsing job card on page 194: 'NoneType' object has no attribute 'get_text'
2025-04-14 10:26:30,419 - WARNING - Error parsing job card on page 195: 'NoneType' object has no attribute 'get_text'
2025-04-14 10:26:31,144 - WARNING - Error parsing job card on page 196: 'NoneType' object has no attribute 'get_text'
2025-04-14 10:26:32,744 - WARNING - Error parsing job card on page 197: 'NoneType' object has no attribute 'get_text'
2025-04-14 10:26:33,459 - WARNING - Error parsing job card on page 198: 'NoneType' object has no attribute 'get_text'
2025-04-14 10:26:34,190 - WARNING - Error parsing job card on page 199: 'NoneType' object has no attribute 'get_text'
2025-04-14 10:26:34,917 - WARNING - Error parsing job card on page 200: 'NoneType' object has no attribute 'get_text'
2025-04-14 10:26:37,214 - WARNING - Error parsing job card on page 201: 'NoneType' object has no attribute 'get_text'
2025-04-14 10:26:37,961 - WARNING - Error parsing job card on page 202: 'NoneType' object has no attribute 'get_text'
2025-04-14 10:26:38,719 - WARNING - Error parsing job card on page 203: 'NoneType' object has no attribute 'get_text'
2025-04-14 10:26:39,429 - WARNING - Error parsing job card on page 204: 'NoneType' object has no attribute 'get_text'
2025-04-14 10:26:40,155 - WARNING - Error parsing job card on page 205: 'NoneType' object has no attribute 'get_text'
2025-04-14 10:26:40,875 - WARNING - Error parsing job card on page 206: 'NoneType' object has no attribute 'get_text'
2025-04-14 10:26:41,582 - WARNING - Error parsing job card on page 207: 'NoneType' object has no attribute 'get_text'
2025-04-14 10:26:43,714 - WARNING - Error parsing job card on page 208: 'NoneType' object has no attribute 'get_text'
2025-04-14 10:26:44,501 - WARNING - Error parsing job card on page 209: 'NoneType' object has no attribute 'get_text'
2025-04-14 10:26:45,210 - WARNING - Error parsing job card on page 210: 'NoneType' object has no attribute 'get_text'
2025-04-14 10:26:45,916 - WARNING - Error parsing job card on page 211: 'NoneType' object has no attribute 'get_text'
2025-04-14 10:26:46,639 - WARNING - Error parsing job card on page 212: 'NoneType' object has no attribute 'get_text'
2025-04-14 10:26:47,348 - WARNING - Error parsing job card on page 213: 'NoneType' object has no attribute 'get_text'
2025-04-14 10:26:48,087 - WARNING - Error parsing job card on page 214: 'NoneType' object has no attribute 'get_text'
2025-04-14 10:26:48,789 - WARNING - Error parsing job card on page 215: 'NoneType' object has no attribute 'get_text'
2025-04-14 10:26:49,499 - WARNING - Error parsing job card on page 216: 'NoneType' object has no attribute 'get_text'
2025-04-14 10:26:50,218 - WARNING - Error parsing job card on page 217: 'NoneType' object has no attribute 'get_text'
2025-04-14 10:26:50,928 - WARNING - Error parsing job card on page 218: 'NoneType' object has no attribute 'get_text'
2025-04-14 10:26:51,639 - WARNING - Error parsing job card on page 219: 'NoneType' object has no attribute 'get_text'
2025-04-14 10:26:52,451 - WARNING - Error parsing job card on page 220: 'NoneType' object has no attribute 'get_text'
2025-04-14 10:26:53,204 - WARNING - Error parsing job card on page 221: 'NoneType' object has no attribute 'get_text'
2025-04-14 10:26:53,921 - WARNING - Error parsing job card on page 222: 'NoneType' object has no attribute 'get_text'
2025-04-14 10:26:54,638 - WARNING - Error parsing job card on page 223: 'NoneType' object has no attribute 'get_text'
2025-04-14 10:26:55,338 - WARNING - Error parsing job card on page 224: 'NoneType' object has no attribute 'get_text'
2025-04-14 10:26:56,103 - WARNING - Error parsing job card on page 225: 'NoneType' object has no attribute 'get_text'
2025-04-14 10:26:56,848 - WARNING - Error parsing job card on page 226: 'NoneType' object has no attribute 'get_text'
2025-04-14 10:26:57,587 - WARNING - Error parsing job card on page 227: 'NoneType' object has no attribute 'get_text'
2025-04-14 10:26:58,310 - WARNING - Error parsing job card on page 228: 'NoneType' object has no attribute 'get_text'
2025-04-14 10:26:59,043 - WARNING - Error parsing job card on page 229: 'NoneType' object has no attribute 'get_text'
2025-04-14 10:26:59,775 - WARNING - Error parsing job card on page 230: 'NoneType' object has no attribute 'get_text'
2025-04-14 10:27:00,494 - WARNING - Error parsing job card on page 231: 'NoneType' object has no attribute 'get_text'
2025-04-14 10:27:01,297 - WARNING - Error parsing job card on page 232: 'NoneType' object has no attribute 'get_text'
2025-04-14 10:27:02,027 - WARNING - Error parsing job card on page 233: 'NoneType' object has no attribute 'get_text'
2025-04-14 10:27:02,795 - WARNING - Error parsing job card on page 234: 'NoneType' object has no attribute 'get_text'
2025-04-14 10:27:03,586 - WARNING - Error parsing job card on page 235: 'NoneType' object has no attribute 'get_text'
2025-04-14 10:27:04,315 - WARNING - Error parsing job card on page 236: 'NoneType' object has no attribute 'get_text'
2025-04-14 10:27:05,089 - WARNING - Error parsing job card on page 237: 'NoneType' object has no attribute 'get_text'
2025-04-14 10:27:05,823 - WARNING - Error parsing job card on page 238: 'NoneType' object has no attribute 'get_text'
2025-04-14 10:27:06,578 - WARNING - Error parsing job card on page 239: 'NoneType' object has no attribute 'get_text'
2025-04-14 10:27:07,307 - WARNING - Error parsing job card on page 240: 'NoneType' object has no attribute 'get_text'
2025-04-14 10:27:08,018 - WARNING - Error parsing job card on page 241: 'NoneType' object has no attribute 'get_text'
2025-04-14 10:27:08,757 - WARNING - Error parsing job card on page 242: 'NoneType' object has no attribute 'get_text'
2025-04-14 10:27:09,504 - WARNING - Error parsing job card on page 243: 'NoneType' object has no attribute 'get_text'
2025-04-14 10:27:10,886 - WARNING - Error parsing job card on page 244: 'NoneType' object has no attribute 'get_text'
2025-04-14 10:27:11,630 - WARNING - Error parsing job card on page 245: 'NoneType' object has no attribute 'get_text'
2025-04-14 10:27:12,378 - WARNING - Error parsing job card on page 246: 'NoneType' object has no attribute 'get_text'
2025-04-14 10:27:13,130 - WARNING - Error parsing job card on page 247: 'NoneType' object has no attribute 'get_text'
2025-04-14 10:27:13,856 - WARNING - Error parsing job card on page 248: 'NoneType' object has no attribute 'get_text'
2025-04-14 10:27:14,762 - WARNING - Error parsing job card on page 249: 'NoneType' object has no attribute 'get_text'
2025-04-14 10:27:15,510 - WARNING - Error parsing job card on page 250: 'NoneType' object has no attribute 'get_text'
2025-04-14 10:27:16,238 - WARNING - Error parsing job card on page 251: 'NoneType' object has no attribute 'get_text'
2025-04-14 10:27:16,988 - WARNING - Error parsing job card on page 252: 'NoneType' object has no attribute 'get_text'
2025-04-14 10:27:17,693 - WARNING - Error parsing job card on page 253: 'NoneType' object has no attribute 'get_text'
2025-04-14 10:27:18,469 - WARNING - Error parsing job card on page 254: 'NoneType' object has no attribute 'get_text'
2025-04-14 10:27:19,217 - WARNING - Error parsing job card on page 255: 'NoneType' object has no attribute 'get_text'
2025-04-14 10:27:19,944 - WARNING - Error parsing job card on page 256: 'NoneType' object has no attribute 'get_text'
2025-04-14 10:27:20,672 - WARNING - Error parsing job card on page 257: 'NoneType' object has no attribute 'get_text'
2025-04-14 10:27:21,417 - WARNING - Error parsing job card on page 258: 'NoneType' object has no attribute 'get_text'
2025-04-14 10:27:22,166 - WARNING - Error parsing job card on page 259: 'NoneType' object has no attribute 'get_text'
2025-04-14 10:27:22,888 - WARNING - Error parsing job card on page 260: 'NoneType' object has no attribute 'get_text'
2025-04-14 10:27:23,582 - WARNING - Error parsing job card on page 261: 'NoneType' object has no attribute 'get_text'
2025-04-14 10:27:24,286 - WARNING - Error parsing job card on page 262: 'NoneType' object has no attribute 'get_text'
2025-04-14 10:27:25,050 - WARNING - Error parsing job card on page 263: 'NoneType' object has no attribute 'get_text'
2025-04-14 10:27:25,749 - WARNING - Error parsing job card on page 264: 'NoneType' object has no attribute 'get_text'
2025-04-14 10:27:26,534 - WARNING - Error parsing job card on page 265: 'NoneType' object has no attribute 'get_text'
2025-04-14 10:27:27,230 - WARNING - Error parsing job card on page 266: 'NoneType' object has no attribute 'get_text'
2025-04-14 10:27:27,945 - WARNING - Error parsing job card on page 267: 'NoneType' object has no attribute 'get_text'
2025-04-14 10:27:28,867 - WARNING - Error parsing job card on page 268: 'NoneType' object has no attribute 'get_text'
2025-04-14 10:27:29,615 - WARNING - Error parsing job card on page 269: 'NoneType' object has no attribute 'get_text'
2025-04-14 10:27:30,318 - WARNING - Error parsing job card on page 270: 'NoneType' object has no attribute 'get_text'
2025-04-14 10:27:31,059 - WARNING - Error parsing job card on page 271: 'NoneType' object has no attribute 'get_text'
2025-04-14 10:27:31,851 - WARNING - Error parsing job card on page 272: 'NoneType' object has no attribute 'get_text'
2025-04-14 10:27:33,971 - WARNING - Error parsing job card on page 273: 'NoneType' object has no attribute 'get_text'
2025-04-14 10:27:36,013 - WARNING - Error parsing job card on page 274: 'NoneType' object has no attribute 'get_text'
2025-04-14 10:27:36,713 - WARNING - Error parsing job card on page 275: 'NoneType' object has no attribute 'get_text'
2025-04-14 10:27:37,405 - WARNING - Error parsing job card on page 276: 'NoneType' object has no attribute 'get_text'
2025-04-14 10:27:38,113 - WARNING - Error parsing job card on page 277: 'NoneType' object has no attribute 'get_text'
2025-04-14 10:27:38,826 - WARNING - Error parsing job card on page 278: 'NoneType' object has no attribute 'get_text'
2025-04-14 10:27:39,549 - WARNING - Error parsing job card on page 279: 'NoneType' object has no attribute 'get_text'
2025-04-14 10:27:40,288 - WARNING - Error parsing job card on page 280: 'NoneType' object has no attribute 'get_text'
2025-04-14 10:27:41,052 - WARNING - Error parsing job card on page 281: 'NoneType' object has no attribute 'get_text'
2025-04-14 10:27:41,769 - WARNING - Error parsing job card on page 282: 'NoneType' object has no attribute 'get_text'
2025-04-14 10:27:42,690 - WARNING - Error parsing job card on page 283: 'NoneType' object has no attribute 'get_text'
2025-04-14 10:27:43,499 - WARNING - Error parsing job card on page 284: 'NoneType' object has no attribute 'get_text'
2025-04-14 10:27:44,225 - WARNING - Error parsing job card on page 285: 'NoneType' object has no attribute 'get_text'
2025-04-14 10:27:44,950 - WARNING - Error parsing job card on page 286: 'NoneType' object has no attribute 'get_text'
2025-04-14 10:27:45,703 - WARNING - Error parsing job card on page 287: 'NoneType' object has no attribute 'get_text'
2025-04-14 10:27:46,405 - WARNING - Error parsing job card on page 288: 'NoneType' object has no attribute 'get_text'
2025-04-14 10:27:47,115 - WARNING - Error parsing job card on page 289: 'NoneType' object has no attribute 'get_text'
2025-04-14 10:27:47,873 - WARNING - Error parsing job card on page 290: 'NoneType' object has no attribute 'get_text'
2025-04-14 10:27:58,349 - INFO - Starting scraping process...
2025-04-14 10:28:01,810 - WARNING - Error parsing job card on page 1: 'NoneType' object has no attribute 'get_text'
2025-04-14 10:28:01,812 - WARNING - Error parsing job card on page 1: 'NoneType' object has no attribute 'get_text'
2025-04-14 10:28:01,812 - WARNING - Error parsing job card on page 1: 'NoneType' object has no attribute 'get_text'
2025-04-14 10:28:01,813 - WARNING - Error parsing job card on page 1: 'NoneType' object has no attribute 'get_text'
2025-04-14 10:28:01,814 - WARNING - Error parsing job card on page 1: 'NoneType' object has no attribute 'get_text'
2025-04-14 10:28:02,527 - WARNING - Error parsing job card on page 2: 'NoneType' object has no attribute 'get_text'
2025-04-14 10:28:03,377 - WARNING - Error parsing job card on page 3: 'NoneType' object has no attribute 'get_text'
2025-04-14 10:28:04,131 - WARNING - Error parsing job card on page 4: 'NoneType' object has no attribute 'get_text'
2025-04-14 10:28:04,134 - WARNING - Error parsing job card on page 4: 'NoneType' object has no attribute 'get_text'
2025-04-14 10:28:05,593 - WARNING - Error parsing job card on page 6: 'NoneType' object has no attribute 'get_text'
2025-04-14 10:28:05,594 - WARNING - Error parsing job card on page 6: 'NoneType' object has no attribute 'get_text'
2025-04-14 10:28:05,595 - WARNING - Error parsing job card on page 6: 'NoneType' object has no attribute 'get_text'
2025-04-14 10:28:06,341 - WARNING - Error parsing job card on page 7: 'NoneType' object has no attribute 'get_text'
2025-04-14 10:28:06,342 - WARNING - Error parsing job card on page 7: 'NoneType' object has no attribute 'get_text'
2025-04-14 10:28:07,089 - WARNING - Error parsing job card on page 8: 'NoneType' object has no attribute 'get_text'
2025-04-14 10:28:10,398 - WARNING - Error parsing job card on page 12: 'NoneType' object has no attribute 'get_text'
2025-04-14 10:28:10,435 - WARNING - Error parsing job card on page 12: 'NoneType' object has no attribute 'get_text'
2025-04-14 10:28:11,156 - WARNING - Error parsing job card on page 13: 'NoneType' object has no attribute 'get_text'
2025-04-14 10:28:11,871 - WARNING - Error parsing job card on page 14: 'NoneType' object has no attribute 'get_text'
2025-04-14 10:28:12,621 - WARNING - Error parsing job card on page 15: 'NoneType' object has no attribute 'get_text'
2025-04-14 10:28:12,622 - WARNING - Error parsing job card on page 15: 'NoneType' object has no attribute 'get_text'
2025-04-14 10:28:12,624 - WARNING - Error parsing job card on page 15: 'NoneType' object has no attribute 'get_text'
2025-04-14 10:28:12,624 - WARNING - Error parsing job card on page 15: 'NoneType' object has no attribute 'get_text'
2025-04-14 10:28:13,374 - WARNING - Error parsing job card on page 16: 'NoneType' object has no attribute 'get_text'
2025-04-14 10:28:13,377 - WARNING - Error parsing job card on page 16: 'NoneType' object has no attribute 'get_text'
2025-04-14 10:28:14,151 - WARNING - Error parsing job card on page 17: 'NoneType' object has no attribute 'get_text'
2025-04-14 10:28:14,152 - WARNING - Error parsing job card on page 17: 'NoneType' object has no attribute 'get_text'
2025-04-14 10:28:14,156 - WARNING - Error parsing job card on page 17: 'NoneType' object has no attribute 'get_text'
2025-04-14 10:28:14,864 - WARNING - Error parsing job card on page 18: 'NoneType' object has no attribute 'get_text'
2025-04-14 10:28:14,864 - WARNING - Error parsing job card on page 18: 'NoneType' object has no attribute 'get_text'
2025-04-14 10:28:14,866 - WARNING - Error parsing job card on page 18: 'NoneType' object has no attribute 'get_text'
2025-04-14 10:28:14,867 - WARNING - Error parsing job card on page 18: 'NoneType' object has no attribute 'get_text'
2025-04-14 10:28:14,868 - WARNING - Error parsing job card on page 18: 'NoneType' object has no attribute 'get_text'
2025-04-14 10:28:20,410 - WARNING - Error parsing job card on page 19: 'NoneType' object has no attribute 'get_text'
2025-04-14 10:28:20,410 - WARNING - Error parsing job card on page 19: 'NoneType' object has no attribute 'get_text'
2025-04-14 10:28:20,410 - WARNING - Error parsing job card on page 19: 'NoneType' object has no attribute 'get_text'
2025-04-14 10:28:20,411 - WARNING - Error parsing job card on page 19: 'NoneType' object has no attribute 'get_text'
2025-04-14 10:28:20,414 - WARNING - Error parsing job card on page 19: 'NoneType' object has no attribute 'get_text'
2025-04-14 10:28:20,414 - WARNING - Error parsing job card on page 19: 'NoneType' object has no attribute 'get_text'
2025-04-14 10:28:22,883 - WARNING - Error parsing job card on page 21: 'NoneType' object has no attribute 'get_text'
2025-04-14 10:28:22,889 - WARNING - Error parsing job card on page 21: 'NoneType' object has no attribute 'get_text'
2025-04-14 10:28:23,651 - WARNING - Error parsing job card on page 22: 'NoneType' object has no attribute 'get_text'
2025-04-14 10:28:24,503 - WARNING - Error parsing job card on page 23: 'NoneType' object has no attribute 'get_text'
2025-04-14 10:28:24,504 - WARNING - Error parsing job card on page 23: 'NoneType' object has no attribute 'get_text'
2025-04-14 10:28:25,217 - WARNING - Error parsing job card on page 24: 'NoneType' object has no attribute 'get_text'
2025-04-14 10:28:25,222 - WARNING - Error parsing job card on page 24: 'NoneType' object has no attribute 'get_text'
2025-04-14 10:28:26,636 - WARNING - Error parsing job card on page 26: 'NoneType' object has no attribute 'get_text'
2025-04-14 10:28:26,636 - WARNING - Error parsing job card on page 26: 'NoneType' object has no attribute 'get_text'
2025-04-14 10:28:26,637 - WARNING - Error parsing job card on page 26: 'NoneType' object has no attribute 'get_text'
2025-04-14 10:28:27,338 - WARNING - Error parsing job card on page 27: 'NoneType' object has no attribute 'get_text'
2025-04-14 10:28:28,053 - WARNING - Error parsing job card on page 28: 'NoneType' object has no attribute 'get_text'
2025-04-14 10:28:28,763 - WARNING - Error parsing job card on page 29: 'NoneType' object has no attribute 'get_text'
2025-04-14 10:28:28,764 - WARNING - Error parsing job card on page 29: 'NoneType' object has no attribute 'get_text'
2025-04-14 10:28:28,766 - WARNING - Error parsing job card on page 29: 'NoneType' object has no attribute 'get_text'
2025-04-14 10:28:29,467 - WARNING - Error parsing job card on page 30: 'NoneType' object has no attribute 'get_text'
2025-04-14 10:28:29,467 - WARNING - Error parsing job card on page 30: 'NoneType' object has no attribute 'get_text'
2025-04-14 10:28:30,175 - WARNING - Error parsing job card on page 31: 'NoneType' object has no attribute 'get_text'
2025-04-14 10:28:30,925 - WARNING - Error parsing job card on page 32: 'NoneType' object has no attribute 'get_text'
2025-04-14 10:28:30,926 - WARNING - Error parsing job card on page 32: 'NoneType' object has no attribute 'get_text'
2025-04-14 10:28:30,928 - WARNING - Error parsing job card on page 32: 'NoneType' object has no attribute 'get_text'
2025-04-14 10:28:30,928 - WARNING - Error parsing job card on page 32: 'NoneType' object has no attribute 'get_text'
2025-04-14 10:28:32,385 - WARNING - Error parsing job card on page 34: 'NoneType' object has no attribute 'get_text'
2025-04-14 10:28:32,385 - WARNING - Error parsing job card on page 34: 'NoneType' object has no attribute 'get_text'
2025-04-14 10:28:32,386 - WARNING - Error parsing job card on page 34: 'NoneType' object has no attribute 'get_text'
2025-04-14 10:28:32,386 - WARNING - Error parsing job card on page 34: 'NoneType' object has no attribute 'get_text'
2025-04-14 10:28:32,387 - WARNING - Error parsing job card on page 34: 'NoneType' object has no attribute 'get_text'
2025-04-14 10:28:32,388 - WARNING - Error parsing job card on page 34: 'NoneType' object has no attribute 'get_text'
2025-04-14 10:28:33,139 - WARNING - Error parsing job card on page 35: 'NoneType' object has no attribute 'get_text'
2025-04-14 10:28:33,140 - WARNING - Error parsing job card on page 35: 'NoneType' object has no attribute 'get_text'
2025-04-14 10:28:34,852 - WARNING - Error parsing job card on page 37: 'NoneType' object has no attribute 'get_text'
2025-04-14 10:28:34,853 - WARNING - Error parsing job card on page 37: 'NoneType' object has no attribute 'get_text'
2025-04-14 10:28:34,871 - WARNING - Error parsing job card on page 37: 'NoneType' object has no attribute 'get_text'
2025-04-14 10:28:36,345 - WARNING - Error parsing job card on page 39: 'NoneType' object has no attribute 'get_text'
2025-04-14 10:28:36,346 - WARNING - Error parsing job card on page 39: 'NoneType' object has no attribute 'get_text'
2025-04-14 10:28:37,080 - WARNING - Error parsing job card on page 40: 'NoneType' object has no attribute 'get_text'
2025-04-14 10:28:37,797 - WARNING - Error parsing job card on page 41: 'NoneType' object has no attribute 'get_text'
2025-04-14 10:28:37,798 - WARNING - Error parsing job card on page 41: 'NoneType' object has no attribute 'get_text'
2025-04-14 10:28:38,520 - WARNING - Error parsing job card on page 42: 'NoneType' object has no attribute 'get_text'
2025-04-14 10:28:39,290 - WARNING - Error parsing job card on page 43: 'NoneType' object has no attribute 'get_text'
2025-04-14 10:28:39,290 - WARNING - Error parsing job card on page 43: 'NoneType' object has no attribute 'get_text'
2025-04-14 10:28:39,291 - WARNING - Error parsing job card on page 43: 'NoneType' object has no attribute 'get_text'
2025-04-14 10:28:39,291 - WARNING - Error parsing job card on page 43: 'NoneType' object has no attribute 'get_text'
2025-04-14 10:28:39,292 - WARNING - Error parsing job card on page 43: 'NoneType' object has no attribute 'get_text'
2025-04-14 10:28:39,986 - WARNING - Error parsing job card on page 44: 'NoneType' object has no attribute 'get_text'
2025-04-14 10:28:39,987 - WARNING - Error parsing job card on page 44: 'NoneType' object has no attribute 'get_text'
2025-04-14 10:28:39,988 - WARNING - Error parsing job card on page 44: 'NoneType' object has no attribute 'get_text'
2025-04-14 10:28:39,990 - WARNING - Error parsing job card on page 44: 'NoneType' object has no attribute 'get_text'
2025-04-14 10:28:40,738 - WARNING - Error parsing job card on page 45: 'NoneType' object has no attribute 'get_text'
2025-04-14 10:28:42,655 - WARNING - Error parsing job card on page 46: 'NoneType' object has no attribute 'get_text'
2025-04-14 10:28:43,370 - WARNING - Error parsing job card on page 47: 'NoneType' object has no attribute 'get_text'
2025-04-14 10:28:44,149 - WARNING - Error parsing job card on page 48: 'NoneType' object has no attribute 'get_text'
2025-04-14 10:28:44,865 - WARNING - Error parsing job card on page 49: 'NoneType' object has no attribute 'get_text'
2025-04-14 10:28:45,616 - WARNING - Error parsing job card on page 50: 'NoneType' object has no attribute 'get_text'
2025-04-14 10:28:46,337 - WARNING - Error parsing job card on page 51: 'NoneType' object has no attribute 'get_text'
2025-04-14 10:28:47,070 - WARNING - Error parsing job card on page 52: 'NoneType' object has no attribute 'get_text'
2025-04-14 10:28:47,774 - WARNING - Error parsing job card on page 53: 'NoneType' object has no attribute 'get_text'
2025-04-14 10:28:48,498 - WARNING - Error parsing job card on page 54: 'NoneType' object has no attribute 'get_text'
2025-04-14 10:28:49,208 - WARNING - Error parsing job card on page 55: 'NoneType' object has no attribute 'get_text'
2025-04-14 10:28:49,940 - WARNING - Error parsing job card on page 56: 'NoneType' object has no attribute 'get_text'
2025-04-14 10:28:51,147 - WARNING - Error parsing job card on page 57: 'NoneType' object has no attribute 'get_text'
2025-04-14 10:28:52,550 - WARNING - Error parsing job card on page 58: 'NoneType' object has no attribute 'get_text'
2025-04-14 10:28:54,781 - WARNING - Error parsing job card on page 59: 'NoneType' object has no attribute 'get_text'
2025-04-14 10:28:55,518 - WARNING - Error parsing job card on page 60: 'NoneType' object has no attribute 'get_text'
2025-04-14 10:28:56,254 - WARNING - Error parsing job card on page 61: 'NoneType' object has no attribute 'get_text'
2025-04-14 10:28:57,151 - WARNING - Error parsing job card on page 62: 'NoneType' object has no attribute 'get_text'
2025-04-14 10:28:57,967 - WARNING - Error parsing job card on page 63: 'NoneType' object has no attribute 'get_text'
2025-04-14 10:28:58,738 - WARNING - Error parsing job card on page 64: 'NoneType' object has no attribute 'get_text'
2025-04-14 10:28:59,530 - WARNING - Error parsing job card on page 65: 'NoneType' object has no attribute 'get_text'
2025-04-14 10:29:00,467 - WARNING - Error parsing job card on page 66: 'NoneType' object has no attribute 'get_text'
2025-04-14 10:29:01,324 - WARNING - Error parsing job card on page 67: 'NoneType' object has no attribute 'get_text'
2025-04-14 10:29:03,831 - WARNING - Error parsing job card on page 68: 'NoneType' object has no attribute 'get_text'
2025-04-14 10:29:04,579 - WARNING - Error parsing job card on page 69: 'NoneType' object has no attribute 'get_text'
2025-04-14 10:29:05,305 - WARNING - Error parsing job card on page 70: 'NoneType' object has no attribute 'get_text'
2025-04-14 10:29:06,208 - WARNING - Error parsing job card on page 71: 'NoneType' object has no attribute 'get_text'
2025-04-14 10:29:07,043 - WARNING - Error parsing job card on page 72: 'NoneType' object has no attribute 'get_text'
2025-04-14 10:29:07,806 - WARNING - Error parsing job card on page 73: 'NoneType' object has no attribute 'get_text'
2025-04-14 10:29:10,107 - WARNING - Error parsing job card on page 74: 'NoneType' object has no attribute 'get_text'
2025-04-14 10:29:10,842 - WARNING - Error parsing job card on page 75: 'NoneType' object has no attribute 'get_text'
2025-04-14 10:29:11,593 - WARNING - Error parsing job card on page 76: 'NoneType' object has no attribute 'get_text'
2025-04-14 10:29:12,349 - WARNING - Error parsing job card on page 77: 'NoneType' object has no attribute 'get_text'
2025-04-14 10:29:13,082 - WARNING - Error parsing job card on page 78: 'NoneType' object has no attribute 'get_text'
2025-04-14 10:29:13,826 - WARNING - Error parsing job card on page 79: 'NoneType' object has no attribute 'get_text'
2025-04-14 10:29:14,567 - WARNING - Error parsing job card on page 80: 'NoneType' object has no attribute 'get_text'
2025-04-14 10:29:17,816 - WARNING - Error parsing job card on page 81: 'NoneType' object has no attribute 'get_text'
2025-04-14 10:29:20,570 - WARNING - Error parsing job card on page 82: 'NoneType' object has no attribute 'get_text'
2025-04-14 10:29:21,312 - WARNING - Error parsing job card on page 83: 'NoneType' object has no attribute 'get_text'
2025-04-14 10:29:22,056 - WARNING - Error parsing job card on page 84: 'NoneType' object has no attribute 'get_text'
2025-04-14 10:29:22,792 - WARNING - Error parsing job card on page 85: 'NoneType' object has no attribute 'get_text'
2025-04-14 10:29:23,523 - WARNING - Error parsing job card on page 86: 'NoneType' object has no attribute 'get_text'
2025-04-14 10:29:24,259 - WARNING - Error parsing job card on page 87: 'NoneType' object has no attribute 'get_text'
2025-04-14 10:29:27,298 - WARNING - Error parsing job card on page 88: 'NoneType' object has no attribute 'get_text'
2025-04-14 10:29:29,744 - WARNING - Error parsing job card on page 89: 'NoneType' object has no attribute 'get_text'
2025-04-14 10:29:30,461 - WARNING - Error parsing job card on page 90: 'NoneType' object has no attribute 'get_text'
2025-04-14 10:29:31,180 - WARNING - Error parsing job card on page 91: 'NoneType' object has no attribute 'get_text'
2025-04-14 10:29:31,890 - WARNING - Error parsing job card on page 92: 'NoneType' object has no attribute 'get_text'
2025-04-14 10:29:32,603 - WARNING - Error parsing job card on page 93: 'NoneType' object has no attribute 'get_text'
2025-04-14 10:29:33,349 - WARNING - Error parsing job card on page 94: 'NoneType' object has no attribute 'get_text'
2025-04-14 10:29:34,138 - WARNING - Error parsing job card on page 95: 'NoneType' object has no attribute 'get_text'
2025-04-14 10:29:34,868 - WARNING - Error parsing job card on page 96: 'NoneType' object has no attribute 'get_text'
2025-04-14 10:29:35,596 - WARNING - Error parsing job card on page 97: 'NoneType' object has no attribute 'get_text'
2025-04-14 10:29:36,322 - WARNING - Error parsing job card on page 98: 'NoneType' object has no attribute 'get_text'
2025-04-14 10:29:37,034 - WARNING - Error parsing job card on page 99: 'NoneType' object has no attribute 'get_text'
2025-04-14 10:29:37,763 - WARNING - Error parsing job card on page 100: 'NoneType' object has no attribute 'get_text'
2025-04-14 10:29:38,489 - WARNING - Error parsing job card on page 101: 'NoneType' object has no attribute 'get_text'
2025-04-14 10:29:40,741 - WARNING - Error parsing job card on page 102: 'NoneType' object has no attribute 'get_text'
2025-04-14 10:29:41,464 - WARNING - Error parsing job card on page 103: 'NoneType' object has no attribute 'get_text'
2025-04-14 10:29:42,193 - WARNING - Error parsing job card on page 104: 'NoneType' object has no attribute 'get_text'
2025-04-14 10:29:42,905 - WARNING - Error parsing job card on page 105: 'NoneType' object has no attribute 'get_text'
2025-04-14 10:29:43,716 - WARNING - Error parsing job card on page 106: 'NoneType' object has no attribute 'get_text'
2025-04-14 10:29:44,453 - WARNING - Error parsing job card on page 107: 'NoneType' object has no attribute 'get_text'
2025-04-14 10:29:45,286 - WARNING - Error parsing job card on page 108: 'NoneType' object has no attribute 'get_text'
2025-04-14 10:29:46,074 - WARNING - Error parsing job card on page 109: 'NoneType' object has no attribute 'get_text'
2025-04-14 10:29:48,016 - WARNING - Error parsing job card on page 110: 'NoneType' object has no attribute 'get_text'
2025-04-14 10:29:48,833 - WARNING - Error parsing job card on page 111: 'NoneType' object has no attribute 'get_text'
2025-04-14 10:29:49,578 - WARNING - Error parsing job card on page 112: 'NoneType' object has no attribute 'get_text'
2025-04-14 10:29:50,331 - WARNING - Error parsing job card on page 113: 'NoneType' object has no attribute 'get_text'
2025-04-14 10:29:51,058 - WARNING - Error parsing job card on page 114: 'NoneType' object has no attribute 'get_text'
